[INFO ] 2019-05-21T09:52:35,323Z [main] doorman.RunEZMCommand.executeCommand - Starting Network Services... {}
[INFO ] 2019-05-21T09:52:35,369Z [main] common.utils.invoke - {
    # ./persistent/doorman.conf: 1
    "address" : "0.0.0.0:10000",
    # ./persistent/doorman.conf: 3
    "certificatesStoreFile" : "persistent/certificateStore.jks",
    # ./persistent/doorman.conf: 4
    "certificatesStorePassword" : "example-password",
    # ./persistent/doorman.conf: 6
    "dataSourceProperties" : {
        # ./persistent/doorman.conf: 10
        "dataSource.password" : "example-password",
        # ./persistent/doorman.conf: 8
        "dataSource.url" : "jdbc:h2:file:./persistent/doorman-persistence;DB_CLOSE_ON_EXIT=FALSE;LOCK_TIMEOUT=10000;WRITE_DELAY=0;AUTO_SERVER_PORT=0",
        # ./persistent/doorman.conf: 9
        "dataSource.user" : "example-user",
        # ./persistent/doorman.conf: 7
        "dataSourceClassName" : "org.h2.jdbcx.JdbcDataSource"
    },
    # ./persistent/doorman.conf: 13
    "database" : {
        # ./persistent/doorman.conf: 14
        "runMigration" : true
    },
    # ./persistent/doorman.conf: 17
    "doorman" : {
        # ./persistent/doorman.conf: 19
        "approveAll" : true,
        # ./persistent/doorman.conf: 31
        "ezmListener" : {
            # ./persistent/doorman.conf: 32
            "port" : 10001
        },
        # ./persistent/doorman.conf: 21
        "localSigner" : {
            # ./persistent/doorman.conf: 27
            "keyAlias" : "cordadoormanca",
            # ./persistent/doorman.conf: 26
            "keyPassword" : "example-password",
            # ./persistent/doorman.conf: 22
            "keyStore" : {
                # ./persistent/doorman.conf: 23
                "file" : "persistent/caKeyStore.jks",
                # ./persistent/doorman.conf: 24
                "password" : "example-password"
            },
            # ./persistent/doorman.conf: 28
            "signInterval" : 15000
        },
        # ./persistent/doorman.conf: 18
        "updateInterval" : 15000
    }
}
 {}
[INFO ] 2019-05-21T09:52:35,696Z [main] hikari.HikariDataSource.<init> - HikariPool-1 - Started. {}
[INFO ] 2019-05-21T09:52:38,098Z [main] persistence.SchemaMigration.doRunMigration - defaultSchemaName=PUBLIC {}
[INFO ] 2019-05-21T09:52:38,099Z [main] persistence.SchemaMigration.doRunMigration - liquibaseSchemaName=PUBLIC {}
[INFO ] 2019-05-21T09:52:38,099Z [main] persistence.SchemaMigration.doRunMigration - outputDefaultSchema=true {}
[INFO ] 2019-05-21T09:52:38,908Z [main] liquibase.info - Creating database history table with name: PUBLIC.DATABASECHANGELOG {}
[INFO ] 2019-05-21T09:52:38,915Z [main] liquibase.info - Reading from PUBLIC.DATABASECHANGELOG {}
[INFO ] 2019-05-21T09:52:38,962Z [main] liquibase.info - Successfully acquired change log lock {}
[INFO ] 2019-05-21T09:52:38,972Z [main] liquibase.info - master.changelog.json: migration/doorman.changelog-init.xml::1547025696854-1.1::R3.Corda: Sequence hibernate_sequence created {}
[INFO ] 2019-05-21T09:52:38,973Z [main] liquibase.info - master.changelog.json: migration/doorman.changelog-init.xml::1547025696854-1.1::R3.Corda: ChangeSet migration/doorman.changelog-init.xml::1547025696854-1.1::R3.Corda ran successfully in 3ms {}
[INFO ] 2019-05-21T09:52:38,981Z [main] liquibase.info - master.changelog.json: migration/doorman.changelog-init.xml::1547029522282-2::R3.Corda: Table certificate_data created {}
[INFO ] 2019-05-21T09:52:38,982Z [main] liquibase.info - master.changelog.json: migration/doorman.changelog-init.xml::1547029522282-2::R3.Corda: ChangeSet migration/doorman.changelog-init.xml::1547029522282-2::R3.Corda ran successfully in 3ms {}
[INFO ] 2019-05-21T09:52:38,988Z [main] liquibase.info - master.changelog.json: migration/doorman.changelog-init.xml::1547029522282-3::R3.Corda: Table certificate_revocation_list created {}
[INFO ] 2019-05-21T09:52:38,988Z [main] liquibase.info - master.changelog.json: migration/doorman.changelog-init.xml::1547029522282-3::R3.Corda: ChangeSet migration/doorman.changelog-init.xml::1547029522282-3::R3.Corda ran successfully in 3ms {}
[INFO ] 2019-05-21T09:52:38,995Z [main] liquibase.info - master.changelog.json: migration/doorman.changelog-init.xml::1547029522282-4::R3.Corda: Table certificate_revocation_request created {}
[INFO ] 2019-05-21T09:52:38,995Z [main] liquibase.info - master.changelog.json: migration/doorman.changelog-init.xml::1547029522282-4::R3.Corda: ChangeSet migration/doorman.changelog-init.xml::1547029522282-4::R3.Corda ran successfully in 3ms {}
[INFO ] 2019-05-21T09:52:39,001Z [main] liquibase.info - master.changelog.json: migration/doorman.changelog-init.xml::1547029522282-5::R3.Corda: Table certificate_revocation_request_AUD created {}
[INFO ] 2019-05-21T09:52:39,002Z [main] liquibase.info - master.changelog.json: migration/doorman.changelog-init.xml::1547029522282-5::R3.Corda: ChangeSet migration/doorman.changelog-init.xml::1547029522282-5::R3.Corda ran successfully in 3ms {}
[INFO ] 2019-05-21T09:52:39,008Z [main] liquibase.info - master.changelog.json: migration/doorman.changelog-init.xml::1547029522282-6::R3.Corda: Table certificate_signing_request created {}
[INFO ] 2019-05-21T09:52:39,009Z [main] liquibase.info - master.changelog.json: migration/doorman.changelog-init.xml::1547029522282-6::R3.Corda: ChangeSet migration/doorman.changelog-init.xml::1547029522282-6::R3.Corda ran successfully in 3ms {}
[INFO ] 2019-05-21T09:52:39,014Z [main] liquibase.info - master.changelog.json: migration/doorman.changelog-init.xml::1547029522282-7::R3.Corda: Table certificate_signing_request_AUD created {}
[INFO ] 2019-05-21T09:52:39,015Z [main] liquibase.info - master.changelog.json: migration/doorman.changelog-init.xml::1547029522282-7::R3.Corda: ChangeSet migration/doorman.changelog-init.xml::1547029522282-7::R3.Corda ran successfully in 3ms {}
[INFO ] 2019-05-21T09:52:39,020Z [main] liquibase.info - master.changelog.json: migration/doorman.changelog-init.xml::1547029522282-8::R3.Corda: Table private_network_global created {}
[INFO ] 2019-05-21T09:52:39,021Z [main] liquibase.info - master.changelog.json: migration/doorman.changelog-init.xml::1547029522282-8::R3.Corda: ChangeSet migration/doorman.changelog-init.xml::1547029522282-8::R3.Corda ran successfully in 3ms {}
[INFO ] 2019-05-21T09:52:39,031Z [main] liquibase.info - master.changelog.json: migration/doorman.changelog-init.xml::1547029522282-9::R3.Corda: Table REVINFO created {}
[INFO ] 2019-05-21T09:52:39,031Z [main] liquibase.info - master.changelog.json: migration/doorman.changelog-init.xml::1547029522282-9::R3.Corda: ChangeSet migration/doorman.changelog-init.xml::1547029522282-9::R3.Corda ran successfully in 7ms {}
[INFO ] 2019-05-21T09:52:39,036Z [main] liquibase.info - master.changelog.json: migration/doorman.changelog-init.xml::1547029522282-10::R3.Corda: Primary key added to certificate_revocation_list (id) {}
[INFO ] 2019-05-21T09:52:39,037Z [main] liquibase.info - master.changelog.json: migration/doorman.changelog-init.xml::1547029522282-10::R3.Corda: ChangeSet migration/doorman.changelog-init.xml::1547029522282-10::R3.Corda ran successfully in 2ms {}
[INFO ] 2019-05-21T09:52:39,041Z [main] liquibase.info - master.changelog.json: migration/doorman.changelog-init.xml::1547029522282-11::R3.Corda: Primary key added to certificate_data (id) {}
[INFO ] 2019-05-21T09:52:39,042Z [main] liquibase.info - master.changelog.json: migration/doorman.changelog-init.xml::1547029522282-11::R3.Corda: ChangeSet migration/doorman.changelog-init.xml::1547029522282-11::R3.Corda ran successfully in 2ms {}
[INFO ] 2019-05-21T09:52:39,047Z [main] liquibase.info - master.changelog.json: migration/doorman.changelog-init.xml::1547029522282-12::R3.Corda: Primary key added to certificate_revocation_request (id) {}
[INFO ] 2019-05-21T09:52:39,048Z [main] liquibase.info - master.changelog.json: migration/doorman.changelog-init.xml::1547029522282-12::R3.Corda: ChangeSet migration/doorman.changelog-init.xml::1547029522282-12::R3.Corda ran successfully in 2ms {}
[INFO ] 2019-05-21T09:52:39,053Z [main] liquibase.info - master.changelog.json: migration/doorman.changelog-init.xml::1547029522282-13::R3.Corda: Primary key added to certificate_signing_request_AUD (request_id, rev) {}
[INFO ] 2019-05-21T09:52:39,054Z [main] liquibase.info - master.changelog.json: migration/doorman.changelog-init.xml::1547029522282-13::R3.Corda: ChangeSet migration/doorman.changelog-init.xml::1547029522282-13::R3.Corda ran successfully in 3ms {}
[INFO ] 2019-05-21T09:52:39,060Z [main] liquibase.info - master.changelog.json: migration/doorman.changelog-init.xml::1547029522282-14::R3.Corda: Primary key added to certificate_signing_request (request_id) {}
[INFO ] 2019-05-21T09:52:39,060Z [main] liquibase.info - master.changelog.json: migration/doorman.changelog-init.xml::1547029522282-14::R3.Corda: ChangeSet migration/doorman.changelog-init.xml::1547029522282-14::R3.Corda ran successfully in 2ms {}
[INFO ] 2019-05-21T09:52:39,066Z [main] liquibase.info - master.changelog.json: migration/doorman.changelog-init.xml::1547029522282-15::R3.Corda: Primary key added to private_network_global (ID) {}
[INFO ] 2019-05-21T09:52:39,067Z [main] liquibase.info - master.changelog.json: migration/doorman.changelog-init.xml::1547029522282-15::R3.Corda: ChangeSet migration/doorman.changelog-init.xml::1547029522282-15::R3.Corda ran successfully in 3ms {}
[INFO ] 2019-05-21T09:52:39,074Z [main] liquibase.info - master.changelog.json: migration/doorman.changelog-init.xml::1547029522282-16::R3.Corda: Unique constraint added to certificate_data(certificate_signing_request) {}
[INFO ] 2019-05-21T09:52:39,074Z [main] liquibase.info - master.changelog.json: migration/doorman.changelog-init.xml::1547029522282-16::R3.Corda: ChangeSet migration/doorman.changelog-init.xml::1547029522282-16::R3.Corda ran successfully in 3ms {}
[INFO ] 2019-05-21T09:52:39,099Z [main] liquibase.info - master.changelog.json: migration/doorman.changelog-init.xml::1547029522282-17::R3.Corda: Unique constraint added to certificate_data(certificate_serial_number) {}
[INFO ] 2019-05-21T09:52:39,099Z [main] liquibase.info - master.changelog.json: migration/doorman.changelog-init.xml::1547029522282-17::R3.Corda: ChangeSet migration/doorman.changelog-init.xml::1547029522282-17::R3.Corda ran successfully in 2ms {}
[INFO ] 2019-05-21T09:52:39,105Z [main] liquibase.info - master.changelog.json: migration/doorman.changelog-init.xml::1547029522282-18::R3.Corda: Unique constraint added to certificate_revocation_request(request_id) {}
[INFO ] 2019-05-21T09:52:39,105Z [main] liquibase.info - master.changelog.json: migration/doorman.changelog-init.xml::1547029522282-18::R3.Corda: ChangeSet migration/doorman.changelog-init.xml::1547029522282-18::R3.Corda ran successfully in 2ms {}
[INFO ] 2019-05-21T09:52:39,111Z [main] liquibase.info - master.changelog.json: migration/doorman.changelog-init.xml::1547029522282-19::R3.Corda: Index IDX__CSR__PKH created {}
[INFO ] 2019-05-21T09:52:39,112Z [main] liquibase.info - master.changelog.json: migration/doorman.changelog-init.xml::1547029522282-19::R3.Corda: ChangeSet migration/doorman.changelog-init.xml::1547029522282-19::R3.Corda ran successfully in 3ms {}
[INFO ] 2019-05-21T09:52:39,119Z [main] liquibase.info - master.changelog.json: migration/doorman.changelog-init.xml::1547029522282-20::R3.Corda: Foreign key constraint added to certificate_signing_request (private_network_id) {}
[INFO ] 2019-05-21T09:52:39,120Z [main] liquibase.info - master.changelog.json: migration/doorman.changelog-init.xml::1547029522282-20::R3.Corda: ChangeSet migration/doorman.changelog-init.xml::1547029522282-20::R3.Corda ran successfully in 5ms {}
[INFO ] 2019-05-21T09:52:39,126Z [main] liquibase.info - master.changelog.json: migration/doorman.changelog-init.xml::1547029522282-21::R3.Corda: Foreign key constraint added to certificate_data (certificate_signing_request) {}
[INFO ] 2019-05-21T09:52:39,126Z [main] liquibase.info - master.changelog.json: migration/doorman.changelog-init.xml::1547029522282-21::R3.Corda: ChangeSet migration/doorman.changelog-init.xml::1547029522282-21::R3.Corda ran successfully in 2ms {}
[INFO ] 2019-05-21T09:52:39,133Z [main] liquibase.info - master.changelog.json: migration/doorman.changelog-init.xml::1547029522282-22::R3.Corda: Foreign key constraint added to certificate_revocation_request (certificate_data_id) {}
[INFO ] 2019-05-21T09:52:39,134Z [main] liquibase.info - master.changelog.json: migration/doorman.changelog-init.xml::1547029522282-22::R3.Corda: ChangeSet migration/doorman.changelog-init.xml::1547029522282-22::R3.Corda ran successfully in 4ms {}
[INFO ] 2019-05-21T09:52:39,139Z [main] liquibase.info - master.changelog.json: migration/doorman.changelog-init.xml::1548244095320-23::R3.Corda: Unique constraint added to private_network_global(name) {}
[INFO ] 2019-05-21T09:52:39,139Z [main] liquibase.info - master.changelog.json: migration/doorman.changelog-init.xml::1548244095320-23::R3.Corda: ChangeSet migration/doorman.changelog-init.xml::1548244095320-23::R3.Corda ran successfully in 2ms {}
[INFO ] 2019-05-21T09:52:39,145Z [main] liquibase.info - master.changelog.json: migration/doorman.changelog-init.xml::1547025696854-22::R3.Corda: Table migration created {}
[INFO ] 2019-05-21T09:52:39,146Z [main] liquibase.info - master.changelog.json: migration/doorman.changelog-init.xml::1547025696854-22::R3.Corda: ChangeSet migration/doorman.changelog-init.xml::1547025696854-22::R3.Corda ran successfully in 3ms {}
[INFO ] 2019-05-21T09:52:39,152Z [main] liquibase.info - master.changelog.json: migration/doorman.changelog-init.xml::1547025696854-23::R3.Corda: Primary key added to migration (id) {}
[INFO ] 2019-05-21T09:52:39,152Z [main] liquibase.info - master.changelog.json: migration/doorman.changelog-init.xml::1547025696854-23::R3.Corda: ChangeSet migration/doorman.changelog-init.xml::1547025696854-23::R3.Corda ran successfully in 2ms {}
[INFO ] 2019-05-21T09:52:39,156Z [main] liquibase.info - master.changelog.json: migration/doorman.changelog-init.xml::1547025696854-24::R3.Corda: New row inserted into migration {}
[INFO ] 2019-05-21T09:52:39,158Z [main] liquibase.info - master.changelog.json: migration/doorman.changelog-init.xml::1547025696854-24::R3.Corda: ChangeSet migration/doorman.changelog-init.xml::1547025696854-24::R3.Corda ran successfully in 2ms {}
[INFO ] 2019-05-21T09:52:39,186Z [main] liquibase.info - master.changelog.json: migration/doorman.changelog-rejection-reason.xml::1552407186000-1::R3.Corda: Columns rejection_reason(NVARCHAR(64)) added to certificate_signing_request {}
[INFO ] 2019-05-21T09:52:39,188Z [main] liquibase.info - master.changelog.json: migration/doorman.changelog-rejection-reason.xml::1552407186000-1::R3.Corda: certificate_signing_request.remark datatype was changed to NVARCHAR(4000) {}
[INFO ] 2019-05-21T09:52:39,190Z [main] liquibase.info - master.changelog.json: migration/doorman.changelog-rejection-reason.xml::1552407186000-1::R3.Corda: certificate_revocation_request.remark datatype was changed to NVARCHAR(4000) {}
[INFO ] 2019-05-21T09:52:39,191Z [main] liquibase.info - master.changelog.json: migration/doorman.changelog-rejection-reason.xml::1552407186000-1::R3.Corda: certificate_revocation_request_AUD.remark datatype was changed to NVARCHAR(4000) {}
[INFO ] 2019-05-21T09:52:39,193Z [main] liquibase.info - master.changelog.json: migration/doorman.changelog-rejection-reason.xml::1552407186000-1::R3.Corda: certificate_signing_request_AUD.remark datatype was changed to NVARCHAR(4000) {}
[INFO ] 2019-05-21T09:52:39,193Z [main] liquibase.info - master.changelog.json: migration/doorman.changelog-rejection-reason.xml::1552407186000-1::R3.Corda: ChangeSet migration/doorman.changelog-rejection-reason.xml::1552407186000-1::R3.Corda ran successfully in 31ms {}
[INFO ] 2019-05-21T09:52:39,199Z [main] liquibase.info - Successfully released change log lock {}
[INFO ] 2019-05-21T09:52:39,243Z [main] persistence.HibernateConfiguration.<init> - Init HibernateConfiguration for schemas: [DoormanSchemaV1(name=com.r3.corda.networkmanage.shared.persistence.NetworkManagementSchemaServices, version=1)] {}
[INFO ] 2019-05-21T09:52:39,246Z [main] persistence.HibernateConfiguration.makeSessionFactoryForSchemas - Creating session factory for schemas: [DoormanSchemaV1(name=com.r3.corda.networkmanage.shared.persistence.NetworkManagementSchemaServices, version=1)] {}
[INFO ] 2019-05-21T09:52:39,310Z [main] hibernate.Version.logVersion - HHH000412: Hibernate Core {[WORKING]} {}
[INFO ] 2019-05-21T09:52:39,312Z [main] cfg.Environment.<clinit> - HHH000206: hibernate.properties not found {}
[INFO ] 2019-05-21T09:52:39,397Z [main] common.Version.<clinit> - HCANN000001: Hibernate Commons Annotations {5.0.4.Final} {}
[INFO ] 2019-05-21T09:52:39,456Z [main] internal.ConnectionProviderInitiator.initiateService - HHH000130: Instantiating explicit connection provider: net.corda.nodeapi.internal.persistence.HibernateConfiguration$NodeDatabaseConnectionProvider {}
[INFO ] 2019-05-21T09:52:39,469Z [main] dialect.Dialect.<init> - HHH000400: Using dialect: org.hibernate.dialect.H2Dialect {}
[INFO ] 2019-05-21T09:52:39,502Z [main] internal.EnversServiceImpl.configure - Envers integration enabled? : true {}
[INFO ] 2019-05-21T09:52:39,504Z [main] type.BasicTypeRegistry.register - HHH000270: Type registration [materialized_blob] overrides previous : org.hibernate.type.MaterializedBlobType@40ce9049 {}
[INFO ] 2019-05-21T09:52:40,787Z [main] persistence.HibernateConfiguration.makeSessionFactoryForSchemas - Created session factory for schemas: [DoormanSchemaV1(name=com.r3.corda.networkmanage.shared.persistence.NetworkManagementSchemaServices, version=1)] {}
[INFO ] 2019-05-21T09:52:40,866Z [main] migration.MigrationManager.validate - Current migration status: DB Version: null, Expected Version: 0.3 {}
[INFO ] 2019-05-21T09:52:40,879Z [main] doorman.NetworkManagementServer.getDoormanService - Starting Doorman web service with minimum platform version [-1] and newPKIOnly [false]. {}
[INFO ] 2019-05-21T09:52:40,888Z [main] doorman.NetworkManagementServer.getDoormanService - Starting Doorman socket server on port 10001. {}
[INFO ] 2019-05-21T09:52:40,888Z [main] Netty Server[10001].start - Starting listening service on port:10001 ssl:disabled {}
[INFO ] 2019-05-21T09:52:40,990Z [main] Netty Server[10001].start - Server listening on port 10001 ssl:disabled {}
[WARN ] 2019-05-21T09:52:40,992Z [main] doorman.NetworkManagementServer.getDoormanService - Certificate signing request service is running without any workflow plugin. {}
[INFO ] 2019-05-21T09:52:41,078Z [main] common.utils.validated - Constructed signing certificate chain of length 3: [CN=Corda Doorman Certificate,OU=Corda,O=Example HoldCo LLC,L=New York,C=US]->[CN=Corda Subordinate Certificate,OU=Corda,O=Example HoldCo LLC,L=New York,C=US]->[CN=Corda Root Certificate,OU=Corda,O=Example HoldCo LLC,L=New York,C=US] {}
[INFO ] 2019-05-21T09:52:41,117Z [main] util.log.initialized - Logging initialized @6872ms to org.eclipse.jetty.util.log.Slf4jLog {}
[INFO ] 2019-05-21T09:52:41,149Z [pool-2-thread-1] internal.QueryTranslatorFactoryInitiator.initiateService - HHH000397: Using ASTQueryTranslatorFactory {}
[INFO ] 2019-05-21T09:52:41,201Z [main] doorman.NetworkManagementWebServer.start - Starting network management web services... {}
[INFO ] 2019-05-21T09:52:41,204Z [main] server.Server.doStart - jetty-9.4.z-SNAPSHOT {}
[INFO ] 2019-05-21T09:52:41,599Z [main] handler.ContextHandler.doStart - Started o.e.j.s.ServletContextHandler@5e6bbe63{/,null,AVAILABLE} {}
[INFO ] 2019-05-21T09:52:41,607Z [main] server.AbstractConnector.doStart - Started ServerConnector@15a0f9{HTTP/1.1,[http/1.1]}{0.0.0.0:10000} {}
[INFO ] 2019-05-21T09:52:41,609Z [main] server.Server.doStart - Started @7364ms {}
[INFO ] 2019-05-21T09:52:41,609Z [main] ConsolePrint.start - Network management web services started on 0.0.0.0:10000 with [RegistrationWebService, MonitoringWebService] {}
[INFO ] 2019-05-21T09:52:51,193Z [qtp36635755-30] webservice.RegistrationWebService.submitRequest - Obtained Certificate Signing Request {}
[INFO ] 2019-05-21T09:52:51,351Z [qtp36635755-30] webservice.RegistrationWebService.submitRequest - CSR for public key: EC Public Key [2e:20:96:e8:55:ed:05:15:57:e5:ef:19:14:c2:cc:50:d6:1f:fa:c2]
            X: 89c3c3f7009a3729591f30b3d7ab14623679d7ea0664b090277c57993f7e6b7b
            Y: a36bc6b2ae670c0ef01012c972be84bb6d263805a5c09eaf7bc5e100a26dcf85
 {}
[INFO ] 2019-05-21T09:52:51,364Z [qtp36635755-30] webservice.RegistrationWebService.submitRequest - CSR name='C=GB,L=London,O=Notary', pnm='null' {}
[INFO ] 2019-05-21T09:52:51,583Z [qtp36635755-30] persistence.ApproveAllCertificateSigningRequestStorage.saveRequest - Auto approved Certificate Signing Request with id: 0ADA785338BC6E712977D818C05A9AEFC0A6F7CB9D0F24D851C1FEC7B6FF993C {}
[INFO ] 2019-05-21T09:52:51,585Z [qtp36635755-30] webservice.RegistrationWebService.submitRequest - Saved CSR for public key: EC Public Key [2e:20:96:e8:55:ed:05:15:57:e5:ef:19:14:c2:cc:50:d6:1f:fa:c2]
            X: 89c3c3f7009a3729591f30b3d7ab14623679d7ea0664b090277c57993f7e6b7b
            Y: a36bc6b2ae670c0ef01012c972be84bb6d263805a5c09eaf7bc5e100a26dcf85
, requestId='0ADA785338BC6E712977D818C05A9AEFC0A6F7CB9D0F24D851C1FEC7B6FF993C' {}
[INFO ] 2019-05-21T09:52:51,653Z [qtp36635755-31] webservice.RegistrationWebService.retrieveCert - Retrieval of Certificate Signing Request for requestId: 0ADA785338BC6E712977D818C05A9AEFC0A6F7CB9D0F24D851C1FEC7B6FF993C {}
[INFO ] 2019-05-21T09:52:51,694Z [qtp36635755-31] webservice.RegistrationWebService.retrieveCert - Certificate Signing Request processing is not done yet {}
[INFO ] 2019-05-21T09:52:53,396Z [qtp36635755-28] webservice.RegistrationWebService.submitRequest - Obtained Certificate Signing Request {}
[INFO ] 2019-05-21T09:52:53,401Z [qtp36635755-28] webservice.RegistrationWebService.submitRequest - CSR for public key: EC Public Key [93:ca:5f:db:81:80:3a:b3:8e:26:f8:ba:cd:d8:bb:05:6b:af:9f:9c]
            X: f7501b750f0153b2d10712a6b2b2892e94c47f9dfaa58f188853c7188a5a2741
            Y: 5e6f1624d2c4136ef2535794587cc4bbc76cf88714e228fea603f7692cab2c10
 {}
[INFO ] 2019-05-21T09:52:53,422Z [qtp36635755-28] webservice.RegistrationWebService.submitRequest - CSR name='C=GB,L=London,O=PartyA', pnm='null' {}
[INFO ] 2019-05-21T09:52:53,517Z [qtp36635755-28] persistence.ApproveAllCertificateSigningRequestStorage.saveRequest - Auto approved Certificate Signing Request with id: B5A4BD569751AB57B5DF32512D880F7AB4803E2E994AA6DE212B34B65E07D91B {}
[INFO ] 2019-05-21T09:52:53,518Z [qtp36635755-28] webservice.RegistrationWebService.submitRequest - Saved CSR for public key: EC Public Key [93:ca:5f:db:81:80:3a:b3:8e:26:f8:ba:cd:d8:bb:05:6b:af:9f:9c]
            X: f7501b750f0153b2d10712a6b2b2892e94c47f9dfaa58f188853c7188a5a2741
            Y: 5e6f1624d2c4136ef2535794587cc4bbc76cf88714e228fea603f7692cab2c10
, requestId='B5A4BD569751AB57B5DF32512D880F7AB4803E2E994AA6DE212B34B65E07D91B' {}
[INFO ] 2019-05-21T09:52:53,534Z [qtp36635755-25] webservice.RegistrationWebService.retrieveCert - Retrieval of Certificate Signing Request for requestId: B5A4BD569751AB57B5DF32512D880F7AB4803E2E994AA6DE212B34B65E07D91B {}
[INFO ] 2019-05-21T09:52:53,545Z [qtp36635755-25] webservice.RegistrationWebService.retrieveCert - Certificate Signing Request processing is not done yet {}
[INFO ] 2019-05-21T09:52:53,941Z [qtp36635755-27] webservice.RegistrationWebService.submitRequest - Obtained Certificate Signing Request {}
[INFO ] 2019-05-21T09:52:53,943Z [qtp36635755-27] webservice.RegistrationWebService.submitRequest - CSR for public key: EC Public Key [b8:47:6f:e9:3a:32:ad:83:07:d6:45:9a:48:0a:91:5d:09:15:81:e1]
            X: c46b207a6cd5ef72700e53f61757bf71ed472940de9deee377296090b0d7f826
            Y: 8d9734a31084a7165c321a14368450eac213f005d32aba7c805c8586cf8e563b
 {}
[INFO ] 2019-05-21T09:52:53,947Z [qtp36635755-27] webservice.RegistrationWebService.submitRequest - CSR name='C=GB,L=London,O=PartyB', pnm='null' {}
[INFO ] 2019-05-21T09:52:53,979Z [qtp36635755-27] persistence.ApproveAllCertificateSigningRequestStorage.saveRequest - Auto approved Certificate Signing Request with id: E546558941C170DFF6C47EC0C37F41346D9D2CECFFFA0654B20E587A22ACEBED {}
[INFO ] 2019-05-21T09:52:53,980Z [qtp36635755-27] webservice.RegistrationWebService.submitRequest - Saved CSR for public key: EC Public Key [b8:47:6f:e9:3a:32:ad:83:07:d6:45:9a:48:0a:91:5d:09:15:81:e1]
            X: c46b207a6cd5ef72700e53f61757bf71ed472940de9deee377296090b0d7f826
            Y: 8d9734a31084a7165c321a14368450eac213f005d32aba7c805c8586cf8e563b
, requestId='E546558941C170DFF6C47EC0C37F41346D9D2CECFFFA0654B20E587A22ACEBED' {}
[INFO ] 2019-05-21T09:52:53,992Z [qtp36635755-32] webservice.RegistrationWebService.retrieveCert - Retrieval of Certificate Signing Request for requestId: E546558941C170DFF6C47EC0C37F41346D9D2CECFFFA0654B20E587A22ACEBED {}
[INFO ] 2019-05-21T09:52:54,003Z [qtp36635755-32] webservice.RegistrationWebService.retrieveCert - Certificate Signing Request processing is not done yet {}
[INFO ] 2019-05-21T09:52:56,199Z [pool-2-thread-1] impl.PersistentCertificateSigningRequestStorage.putCertificatePath - Saving certificate path for request: 0ADA785338BC6E712977D818C05A9AEFC0A6F7CB9D0F24D851C1FEC7B6FF993C {}
[INFO ] 2019-05-21T09:52:56,217Z [pool-2-thread-1] impl.PersistentCertificateSigningRequestStorage.putCertificatePath - Saving certificate path for request: B5A4BD569751AB57B5DF32512D880F7AB4803E2E994AA6DE212B34B65E07D91B {}
[INFO ] 2019-05-21T09:52:56,230Z [pool-2-thread-1] impl.PersistentCertificateSigningRequestStorage.putCertificatePath - Saving certificate path for request: E546558941C170DFF6C47EC0C37F41346D9D2CECFFFA0654B20E587A22ACEBED {}
[INFO ] 2019-05-21T09:53:06,749Z [qtp36635755-28] webservice.RegistrationWebService.retrieveCert - Retrieval of Certificate Signing Request for requestId: 0ADA785338BC6E712977D818C05A9AEFC0A6F7CB9D0F24D851C1FEC7B6FF993C {}
[INFO ] 2019-05-21T09:53:06,768Z [qtp36635755-28] webservice.RegistrationWebService.retrieveCert - Certificate Signing Request is ready. Preparing signed certificate... {}
[INFO ] 2019-05-21T09:53:08,602Z [qtp36635755-25] webservice.RegistrationWebService.retrieveCert - Retrieval of Certificate Signing Request for requestId: B5A4BD569751AB57B5DF32512D880F7AB4803E2E994AA6DE212B34B65E07D91B {}
[INFO ] 2019-05-21T09:53:08,611Z [qtp36635755-25] webservice.RegistrationWebService.retrieveCert - Certificate Signing Request is ready. Preparing signed certificate... {}
[INFO ] 2019-05-21T09:53:09,032Z [qtp36635755-27] webservice.RegistrationWebService.retrieveCert - Retrieval of Certificate Signing Request for requestId: E546558941C170DFF6C47EC0C37F41346D9D2CECFFFA0654B20E587A22ACEBED {}
[INFO ] 2019-05-21T09:53:09,041Z [qtp36635755-27] webservice.RegistrationWebService.retrieveCert - Certificate Signing Request is ready. Preparing signed certificate... {}
