[INFO ] 2019-05-20T22:30:12,648Z [main] doorman.RunEZMCommand.executeCommand - Starting Network Services... {}
[INFO ] 2019-05-20T22:30:12,706Z [main] common.utils.invoke - {
    # ./persistent/doorman.conf: 1
    "address" : "0.0.0.0:10000",
    # ./persistent/doorman.conf: 3
    "certificatesStoreFile" : "persistent/certificateStore.jks",
    # ./persistent/doorman.conf: 4
    "certificatesStorePassword" : "example-password",
    # ./persistent/doorman.conf: 6
    "dataSourceProperties" : {
        # ./persistent/doorman.conf: 10
        "dataSource.password" : "example-password",
        # ./persistent/doorman.conf: 8
        "dataSource.url" : "jdbc:h2:file:./persistent/doorman-persistence;DB_CLOSE_ON_EXIT=FALSE;LOCK_TIMEOUT=10000;WRITE_DELAY=0;AUTO_SERVER_PORT=0",
        # ./persistent/doorman.conf: 9
        "dataSource.user" : "example-user",
        # ./persistent/doorman.conf: 7
        "dataSourceClassName" : "org.h2.jdbcx.JdbcDataSource"
    },
    # ./persistent/doorman.conf: 13
    "database" : {
        # ./persistent/doorman.conf: 14
        "runMigration" : true
    },
    # ./persistent/doorman.conf: 17
    "doorman" : {
        # ./persistent/doorman.conf: 19
        "approveAll" : true,
        # ./persistent/doorman.conf: 31
        "ezmListener" : {
            # ./persistent/doorman.conf: 32
            "port" : 10001
        },
        # ./persistent/doorman.conf: 21
        "localSigner" : {
            # ./persistent/doorman.conf: 27
            "keyAlias" : "cordadoormanca",
            # ./persistent/doorman.conf: 26
            "keyPassword" : "example-password",
            # ./persistent/doorman.conf: 22
            "keyStore" : {
                # ./persistent/doorman.conf: 23
                "file" : "persistent/caKeyStore.jks",
                # ./persistent/doorman.conf: 24
                "password" : "example-password"
            },
            # ./persistent/doorman.conf: 28
            "signInterval" : 15000
        },
        # ./persistent/doorman.conf: 18
        "updateInterval" : 15000
    }
}
 {}
[INFO ] 2019-05-20T22:30:13,209Z [main] hikari.HikariDataSource.<init> - HikariPool-1 - Started. {}
[INFO ] 2019-05-20T22:30:16,162Z [main] persistence.SchemaMigration.doRunMigration - defaultSchemaName=PUBLIC {}
[INFO ] 2019-05-20T22:30:16,163Z [main] persistence.SchemaMigration.doRunMigration - liquibaseSchemaName=PUBLIC {}
[INFO ] 2019-05-20T22:30:16,164Z [main] persistence.SchemaMigration.doRunMigration - outputDefaultSchema=true {}
[INFO ] 2019-05-20T22:30:17,206Z [main] liquibase.info - Creating database history table with name: PUBLIC.DATABASECHANGELOG {}
[INFO ] 2019-05-20T22:30:17,214Z [main] liquibase.info - Reading from PUBLIC.DATABASECHANGELOG {}
[INFO ] 2019-05-20T22:30:17,271Z [main] liquibase.info - Successfully acquired change log lock {}
[INFO ] 2019-05-20T22:30:17,282Z [main] liquibase.info - master.changelog.json: migration/doorman.changelog-init.xml::1547025696854-1.1::R3.Corda: Sequence hibernate_sequence created {}
[INFO ] 2019-05-20T22:30:17,283Z [main] liquibase.info - master.changelog.json: migration/doorman.changelog-init.xml::1547025696854-1.1::R3.Corda: ChangeSet migration/doorman.changelog-init.xml::1547025696854-1.1::R3.Corda ran successfully in 3ms {}
[INFO ] 2019-05-20T22:30:17,293Z [main] liquibase.info - master.changelog.json: migration/doorman.changelog-init.xml::1547029522282-2::R3.Corda: Table certificate_data created {}
[INFO ] 2019-05-20T22:30:17,293Z [main] liquibase.info - master.changelog.json: migration/doorman.changelog-init.xml::1547029522282-2::R3.Corda: ChangeSet migration/doorman.changelog-init.xml::1547029522282-2::R3.Corda ran successfully in 3ms {}
[INFO ] 2019-05-20T22:30:17,300Z [main] liquibase.info - master.changelog.json: migration/doorman.changelog-init.xml::1547029522282-3::R3.Corda: Table certificate_revocation_list created {}
[INFO ] 2019-05-20T22:30:17,301Z [main] liquibase.info - master.changelog.json: migration/doorman.changelog-init.xml::1547029522282-3::R3.Corda: ChangeSet migration/doorman.changelog-init.xml::1547029522282-3::R3.Corda ran successfully in 4ms {}
[INFO ] 2019-05-20T22:30:17,308Z [main] liquibase.info - master.changelog.json: migration/doorman.changelog-init.xml::1547029522282-4::R3.Corda: Table certificate_revocation_request created {}
[INFO ] 2019-05-20T22:30:17,309Z [main] liquibase.info - master.changelog.json: migration/doorman.changelog-init.xml::1547029522282-4::R3.Corda: ChangeSet migration/doorman.changelog-init.xml::1547029522282-4::R3.Corda ran successfully in 4ms {}
[INFO ] 2019-05-20T22:30:17,316Z [main] liquibase.info - master.changelog.json: migration/doorman.changelog-init.xml::1547029522282-5::R3.Corda: Table certificate_revocation_request_AUD created {}
[INFO ] 2019-05-20T22:30:17,316Z [main] liquibase.info - master.changelog.json: migration/doorman.changelog-init.xml::1547029522282-5::R3.Corda: ChangeSet migration/doorman.changelog-init.xml::1547029522282-5::R3.Corda ran successfully in 3ms {}
[INFO ] 2019-05-20T22:30:17,323Z [main] liquibase.info - master.changelog.json: migration/doorman.changelog-init.xml::1547029522282-6::R3.Corda: Table certificate_signing_request created {}
[INFO ] 2019-05-20T22:30:17,324Z [main] liquibase.info - master.changelog.json: migration/doorman.changelog-init.xml::1547029522282-6::R3.Corda: ChangeSet migration/doorman.changelog-init.xml::1547029522282-6::R3.Corda ran successfully in 4ms {}
[INFO ] 2019-05-20T22:30:17,331Z [main] liquibase.info - master.changelog.json: migration/doorman.changelog-init.xml::1547029522282-7::R3.Corda: Table certificate_signing_request_AUD created {}
[INFO ] 2019-05-20T22:30:17,331Z [main] liquibase.info - master.changelog.json: migration/doorman.changelog-init.xml::1547029522282-7::R3.Corda: ChangeSet migration/doorman.changelog-init.xml::1547029522282-7::R3.Corda ran successfully in 3ms {}
[INFO ] 2019-05-20T22:30:17,338Z [main] liquibase.info - master.changelog.json: migration/doorman.changelog-init.xml::1547029522282-8::R3.Corda: Table private_network_global created {}
[INFO ] 2019-05-20T22:30:17,338Z [main] liquibase.info - master.changelog.json: migration/doorman.changelog-init.xml::1547029522282-8::R3.Corda: ChangeSet migration/doorman.changelog-init.xml::1547029522282-8::R3.Corda ran successfully in 3ms {}
[INFO ] 2019-05-20T22:30:17,349Z [main] liquibase.info - master.changelog.json: migration/doorman.changelog-init.xml::1547029522282-9::R3.Corda: Table REVINFO created {}
[INFO ] 2019-05-20T22:30:17,350Z [main] liquibase.info - master.changelog.json: migration/doorman.changelog-init.xml::1547029522282-9::R3.Corda: ChangeSet migration/doorman.changelog-init.xml::1547029522282-9::R3.Corda ran successfully in 8ms {}
[INFO ] 2019-05-20T22:30:17,356Z [main] liquibase.info - master.changelog.json: migration/doorman.changelog-init.xml::1547029522282-10::R3.Corda: Primary key added to certificate_revocation_list (id) {}
[INFO ] 2019-05-20T22:30:17,357Z [main] liquibase.info - master.changelog.json: migration/doorman.changelog-init.xml::1547029522282-10::R3.Corda: ChangeSet migration/doorman.changelog-init.xml::1547029522282-10::R3.Corda ran successfully in 3ms {}
[INFO ] 2019-05-20T22:30:17,362Z [main] liquibase.info - master.changelog.json: migration/doorman.changelog-init.xml::1547029522282-11::R3.Corda: Primary key added to certificate_data (id) {}
[INFO ] 2019-05-20T22:30:17,363Z [main] liquibase.info - master.changelog.json: migration/doorman.changelog-init.xml::1547029522282-11::R3.Corda: ChangeSet migration/doorman.changelog-init.xml::1547029522282-11::R3.Corda ran successfully in 2ms {}
[INFO ] 2019-05-20T22:30:17,368Z [main] liquibase.info - master.changelog.json: migration/doorman.changelog-init.xml::1547029522282-12::R3.Corda: Primary key added to certificate_revocation_request (id) {}
[INFO ] 2019-05-20T22:30:17,369Z [main] liquibase.info - master.changelog.json: migration/doorman.changelog-init.xml::1547029522282-12::R3.Corda: ChangeSet migration/doorman.changelog-init.xml::1547029522282-12::R3.Corda ran successfully in 2ms {}
[INFO ] 2019-05-20T22:30:17,375Z [main] liquibase.info - master.changelog.json: migration/doorman.changelog-init.xml::1547029522282-13::R3.Corda: Primary key added to certificate_signing_request_AUD (request_id, rev) {}
[INFO ] 2019-05-20T22:30:17,376Z [main] liquibase.info - master.changelog.json: migration/doorman.changelog-init.xml::1547029522282-13::R3.Corda: ChangeSet migration/doorman.changelog-init.xml::1547029522282-13::R3.Corda ran successfully in 3ms {}
[INFO ] 2019-05-20T22:30:17,382Z [main] liquibase.info - master.changelog.json: migration/doorman.changelog-init.xml::1547029522282-14::R3.Corda: Primary key added to certificate_signing_request (request_id) {}
[INFO ] 2019-05-20T22:30:17,383Z [main] liquibase.info - master.changelog.json: migration/doorman.changelog-init.xml::1547029522282-14::R3.Corda: ChangeSet migration/doorman.changelog-init.xml::1547029522282-14::R3.Corda ran successfully in 3ms {}
[INFO ] 2019-05-20T22:30:17,391Z [main] liquibase.info - master.changelog.json: migration/doorman.changelog-init.xml::1547029522282-15::R3.Corda: Primary key added to private_network_global (ID) {}
[INFO ] 2019-05-20T22:30:17,391Z [main] liquibase.info - master.changelog.json: migration/doorman.changelog-init.xml::1547029522282-15::R3.Corda: ChangeSet migration/doorman.changelog-init.xml::1547029522282-15::R3.Corda ran successfully in 3ms {}
[INFO ] 2019-05-20T22:30:17,399Z [main] liquibase.info - master.changelog.json: migration/doorman.changelog-init.xml::1547029522282-16::R3.Corda: Unique constraint added to certificate_data(certificate_signing_request) {}
[INFO ] 2019-05-20T22:30:17,400Z [main] liquibase.info - master.changelog.json: migration/doorman.changelog-init.xml::1547029522282-16::R3.Corda: ChangeSet migration/doorman.changelog-init.xml::1547029522282-16::R3.Corda ran successfully in 4ms {}
[INFO ] 2019-05-20T22:30:17,406Z [main] liquibase.info - master.changelog.json: migration/doorman.changelog-init.xml::1547029522282-17::R3.Corda: Unique constraint added to certificate_data(certificate_serial_number) {}
[INFO ] 2019-05-20T22:30:17,407Z [main] liquibase.info - master.changelog.json: migration/doorman.changelog-init.xml::1547029522282-17::R3.Corda: ChangeSet migration/doorman.changelog-init.xml::1547029522282-17::R3.Corda ran successfully in 3ms {}
[INFO ] 2019-05-20T22:30:17,431Z [main] liquibase.info - master.changelog.json: migration/doorman.changelog-init.xml::1547029522282-18::R3.Corda: Unique constraint added to certificate_revocation_request(request_id) {}
[INFO ] 2019-05-20T22:30:17,432Z [main] liquibase.info - master.changelog.json: migration/doorman.changelog-init.xml::1547029522282-18::R3.Corda: ChangeSet migration/doorman.changelog-init.xml::1547029522282-18::R3.Corda ran successfully in 3ms {}
[INFO ] 2019-05-20T22:30:17,438Z [main] liquibase.info - master.changelog.json: migration/doorman.changelog-init.xml::1547029522282-19::R3.Corda: Index IDX__CSR__PKH created {}
[INFO ] 2019-05-20T22:30:17,439Z [main] liquibase.info - master.changelog.json: migration/doorman.changelog-init.xml::1547029522282-19::R3.Corda: ChangeSet migration/doorman.changelog-init.xml::1547029522282-19::R3.Corda ran successfully in 3ms {}
[INFO ] 2019-05-20T22:30:17,448Z [main] liquibase.info - master.changelog.json: migration/doorman.changelog-init.xml::1547029522282-20::R3.Corda: Foreign key constraint added to certificate_signing_request (private_network_id) {}
[INFO ] 2019-05-20T22:30:17,449Z [main] liquibase.info - master.changelog.json: migration/doorman.changelog-init.xml::1547029522282-20::R3.Corda: ChangeSet migration/doorman.changelog-init.xml::1547029522282-20::R3.Corda ran successfully in 6ms {}
[INFO ] 2019-05-20T22:30:17,455Z [main] liquibase.info - master.changelog.json: migration/doorman.changelog-init.xml::1547029522282-21::R3.Corda: Foreign key constraint added to certificate_data (certificate_signing_request) {}
[INFO ] 2019-05-20T22:30:17,456Z [main] liquibase.info - master.changelog.json: migration/doorman.changelog-init.xml::1547029522282-21::R3.Corda: ChangeSet migration/doorman.changelog-init.xml::1547029522282-21::R3.Corda ran successfully in 3ms {}
[INFO ] 2019-05-20T22:30:17,463Z [main] liquibase.info - master.changelog.json: migration/doorman.changelog-init.xml::1547029522282-22::R3.Corda: Foreign key constraint added to certificate_revocation_request (certificate_data_id) {}
[INFO ] 2019-05-20T22:30:17,463Z [main] liquibase.info - master.changelog.json: migration/doorman.changelog-init.xml::1547029522282-22::R3.Corda: ChangeSet migration/doorman.changelog-init.xml::1547029522282-22::R3.Corda ran successfully in 4ms {}
[INFO ] 2019-05-20T22:30:17,470Z [main] liquibase.info - master.changelog.json: migration/doorman.changelog-init.xml::1548244095320-23::R3.Corda: Unique constraint added to private_network_global(name) {}
[INFO ] 2019-05-20T22:30:17,470Z [main] liquibase.info - master.changelog.json: migration/doorman.changelog-init.xml::1548244095320-23::R3.Corda: ChangeSet migration/doorman.changelog-init.xml::1548244095320-23::R3.Corda ran successfully in 3ms {}
[INFO ] 2019-05-20T22:30:17,476Z [main] liquibase.info - master.changelog.json: migration/doorman.changelog-init.xml::1547025696854-22::R3.Corda: Table migration created {}
[INFO ] 2019-05-20T22:30:17,477Z [main] liquibase.info - master.changelog.json: migration/doorman.changelog-init.xml::1547025696854-22::R3.Corda: ChangeSet migration/doorman.changelog-init.xml::1547025696854-22::R3.Corda ran successfully in 3ms {}
[INFO ] 2019-05-20T22:30:17,484Z [main] liquibase.info - master.changelog.json: migration/doorman.changelog-init.xml::1547025696854-23::R3.Corda: Primary key added to migration (id) {}
[INFO ] 2019-05-20T22:30:17,484Z [main] liquibase.info - master.changelog.json: migration/doorman.changelog-init.xml::1547025696854-23::R3.Corda: ChangeSet migration/doorman.changelog-init.xml::1547025696854-23::R3.Corda ran successfully in 2ms {}
[INFO ] 2019-05-20T22:30:17,489Z [main] liquibase.info - master.changelog.json: migration/doorman.changelog-init.xml::1547025696854-24::R3.Corda: New row inserted into migration {}
[INFO ] 2019-05-20T22:30:17,490Z [main] liquibase.info - master.changelog.json: migration/doorman.changelog-init.xml::1547025696854-24::R3.Corda: ChangeSet migration/doorman.changelog-init.xml::1547025696854-24::R3.Corda ran successfully in 2ms {}
[INFO ] 2019-05-20T22:30:17,521Z [main] liquibase.info - master.changelog.json: migration/doorman.changelog-rejection-reason.xml::1552407186000-1::R3.Corda: Columns rejection_reason(NVARCHAR(64)) added to certificate_signing_request {}
[INFO ] 2019-05-20T22:30:17,523Z [main] liquibase.info - master.changelog.json: migration/doorman.changelog-rejection-reason.xml::1552407186000-1::R3.Corda: certificate_signing_request.remark datatype was changed to NVARCHAR(4000) {}
[INFO ] 2019-05-20T22:30:17,525Z [main] liquibase.info - master.changelog.json: migration/doorman.changelog-rejection-reason.xml::1552407186000-1::R3.Corda: certificate_revocation_request.remark datatype was changed to NVARCHAR(4000) {}
[INFO ] 2019-05-20T22:30:17,527Z [main] liquibase.info - master.changelog.json: migration/doorman.changelog-rejection-reason.xml::1552407186000-1::R3.Corda: certificate_revocation_request_AUD.remark datatype was changed to NVARCHAR(4000) {}
[INFO ] 2019-05-20T22:30:17,529Z [main] liquibase.info - master.changelog.json: migration/doorman.changelog-rejection-reason.xml::1552407186000-1::R3.Corda: certificate_signing_request_AUD.remark datatype was changed to NVARCHAR(4000) {}
[INFO ] 2019-05-20T22:30:17,530Z [main] liquibase.info - master.changelog.json: migration/doorman.changelog-rejection-reason.xml::1552407186000-1::R3.Corda: ChangeSet migration/doorman.changelog-rejection-reason.xml::1552407186000-1::R3.Corda ran successfully in 37ms {}
[INFO ] 2019-05-20T22:30:17,536Z [main] liquibase.info - Successfully released change log lock {}
[INFO ] 2019-05-20T22:30:17,592Z [main] persistence.HibernateConfiguration.<init> - Init HibernateConfiguration for schemas: [DoormanSchemaV1(name=com.r3.corda.networkmanage.shared.persistence.NetworkManagementSchemaServices, version=1)] {}
[INFO ] 2019-05-20T22:30:17,596Z [main] persistence.HibernateConfiguration.makeSessionFactoryForSchemas - Creating session factory for schemas: [DoormanSchemaV1(name=com.r3.corda.networkmanage.shared.persistence.NetworkManagementSchemaServices, version=1)] {}
[INFO ] 2019-05-20T22:30:17,673Z [main] hibernate.Version.logVersion - HHH000412: Hibernate Core {[WORKING]} {}
[INFO ] 2019-05-20T22:30:17,674Z [main] cfg.Environment.<clinit> - HHH000206: hibernate.properties not found {}
[INFO ] 2019-05-20T22:30:17,773Z [main] common.Version.<clinit> - HCANN000001: Hibernate Commons Annotations {5.0.4.Final} {}
[INFO ] 2019-05-20T22:30:17,854Z [main] internal.ConnectionProviderInitiator.initiateService - HHH000130: Instantiating explicit connection provider: net.corda.nodeapi.internal.persistence.HibernateConfiguration$NodeDatabaseConnectionProvider {}
[INFO ] 2019-05-20T22:30:17,873Z [main] dialect.Dialect.<init> - HHH000400: Using dialect: org.hibernate.dialect.H2Dialect {}
[INFO ] 2019-05-20T22:30:17,924Z [main] internal.EnversServiceImpl.configure - Envers integration enabled? : true {}
[INFO ] 2019-05-20T22:30:17,927Z [main] type.BasicTypeRegistry.register - HHH000270: Type registration [materialized_blob] overrides previous : org.hibernate.type.MaterializedBlobType@40ce9049 {}
[INFO ] 2019-05-20T22:30:19,468Z [main] persistence.HibernateConfiguration.makeSessionFactoryForSchemas - Created session factory for schemas: [DoormanSchemaV1(name=com.r3.corda.networkmanage.shared.persistence.NetworkManagementSchemaServices, version=1)] {}
[INFO ] 2019-05-20T22:30:19,554Z [main] migration.MigrationManager.validate - Current migration status: DB Version: null, Expected Version: 0.3 {}
[INFO ] 2019-05-20T22:30:19,572Z [main] doorman.NetworkManagementServer.getDoormanService - Starting Doorman web service with minimum platform version [-1] and newPKIOnly [false]. {}
[INFO ] 2019-05-20T22:30:19,585Z [main] doorman.NetworkManagementServer.getDoormanService - Starting Doorman socket server on port 10001. {}
[INFO ] 2019-05-20T22:30:19,586Z [main] Netty Server[10001].start - Starting listening service on port:10001 ssl:disabled {}
[INFO ] 2019-05-20T22:30:19,733Z [main] Netty Server[10001].start - Server listening on port 10001 ssl:disabled {}
[WARN ] 2019-05-20T22:30:19,735Z [main] doorman.NetworkManagementServer.getDoormanService - Certificate signing request service is running without any workflow plugin. {}
[INFO ] 2019-05-20T22:30:19,856Z [main] common.utils.validated - Constructed signing certificate chain of length 3: [CN=Corda Doorman Certificate 1,OU=Corda,O=Example HoldCo LLC,L=New York,C=US]->[CN=Corda Subordinate Certificate,OU=Corda,O=Example HoldCo LLC,L=New York,C=US]->[CN=Corda Root Certificate,OU=Corda,O=Example HoldCo LLC,L=New York,C=US] {}
[INFO ] 2019-05-20T22:30:19,903Z [main] util.log.initialized - Logging initialized @8994ms to org.eclipse.jetty.util.log.Slf4jLog {}
[INFO ] 2019-05-20T22:30:19,941Z [pool-2-thread-1] internal.QueryTranslatorFactoryInitiator.initiateService - HHH000397: Using ASTQueryTranslatorFactory {}
[INFO ] 2019-05-20T22:30:19,991Z [main] doorman.NetworkManagementWebServer.start - Starting network management web services... {}
[INFO ] 2019-05-20T22:30:19,993Z [main] server.Server.doStart - jetty-9.4.z-SNAPSHOT {}
[INFO ] 2019-05-20T22:30:20,431Z [main] handler.ContextHandler.doStart - Started o.e.j.s.ServletContextHandler@5e6bbe63{/,null,AVAILABLE} {}
[INFO ] 2019-05-20T22:30:20,443Z [main] server.AbstractConnector.doStart - Started ServerConnector@15a0f9{HTTP/1.1,[http/1.1]}{0.0.0.0:10000} {}
[INFO ] 2019-05-20T22:30:20,444Z [main] server.Server.doStart - Started @9537ms {}
[INFO ] 2019-05-20T22:30:20,445Z [main] ConsolePrint.start - Network management web services started on 0.0.0.0:10000 with [RegistrationWebService, MonitoringWebService] {}
