[INFO ] 2019-05-21T06:56:48,002Z [main] doorman.RunEZMCommand.executeCommand - Starting Network Services... {}
[INFO ] 2019-05-21T06:56:48,059Z [main] common.utils.invoke - {
    # ./persistent/doorman.conf: 1
    "address" : "0.0.0.0:10000",
    # ./persistent/doorman.conf: 3
    "certificatesStoreFile" : "persistent/certificateStore.jks",
    # ./persistent/doorman.conf: 4
    "certificatesStorePassword" : "example-password",
    # ./persistent/doorman.conf: 6
    "dataSourceProperties" : {
        # ./persistent/doorman.conf: 10
        "dataSource.password" : "example-password",
        # ./persistent/doorman.conf: 8
        "dataSource.url" : "jdbc:h2:file:./persistent/doorman-persistence;DB_CLOSE_ON_EXIT=FALSE;LOCK_TIMEOUT=10000;WRITE_DELAY=0;AUTO_SERVER_PORT=0",
        # ./persistent/doorman.conf: 9
        "dataSource.user" : "example-user",
        # ./persistent/doorman.conf: 7
        "dataSourceClassName" : "org.h2.jdbcx.JdbcDataSource"
    },
    # ./persistent/doorman.conf: 13
    "database" : {
        # ./persistent/doorman.conf: 14
        "runMigration" : true
    },
    # ./persistent/doorman.conf: 17
    "doorman" : {
        # ./persistent/doorman.conf: 19
        "approveAll" : true,
        # ./persistent/doorman.conf: 31
        "ezmListener" : {
            # ./persistent/doorman.conf: 32
            "port" : 10001
        },
        # ./persistent/doorman.conf: 21
        "localSigner" : {
            # ./persistent/doorman.conf: 27
            "keyAlias" : "cordadoormanca",
            # ./persistent/doorman.conf: 26
            "keyPassword" : "example-password",
            # ./persistent/doorman.conf: 22
            "keyStore" : {
                # ./persistent/doorman.conf: 23
                "file" : "persistent/caKeyStore.jks",
                # ./persistent/doorman.conf: 24
                "password" : "example-password"
            },
            # ./persistent/doorman.conf: 28
            "signInterval" : 15000
        },
        # ./persistent/doorman.conf: 18
        "updateInterval" : 15000
    }
}
 {}
[INFO ] 2019-05-21T06:56:48,419Z [main] hikari.HikariDataSource.<init> - HikariPool-1 - Started. {}
[ERROR] 2019-05-21T06:56:48,640Z [main] ConsolePrint.uncaughtException - Error while executing Network Services command {}
[ERROR] 2019-05-21T06:56:48,641Z [main] ConsolePrint.uncaughtException - Network Services configuration error: 
Could not configure database: Failed to initialize pool: File corrupted while reading record: null. Possible solution: use the recovery tool [90030-197].

**************************************************************************
*                                                                        *
*  If you're upgrading a 0.2.X Network Map or Doorman service then you   *
*  will need to migrate existing data to the new schema. Please see the  *
*  upgrade notes in the docs at [docs.netman.r3.com/upgrade-notes.html]  *
*                                                                        *
**************************************************************************.
Please consult running network services documentation. {}
java.lang.IllegalArgumentException: 
Could not configure database: Failed to initialize pool: File corrupted while reading record: null. Possible solution: use the recovery tool [90030-197].

**************************************************************************
*                                                                        *
*  If you're upgrading a 0.2.X Network Map or Doorman service then you   *
*  will need to migrate existing data to the new schema. Please see the  *
*  upgrade notes in the docs at [docs.netman.r3.com/upgrade-notes.html]  *
*                                                                        *
**************************************************************************
	at com.r3.corda.networkmanage.doorman.NetworkManagementServer.configureDatabasePersistence(NetworkManagementServer.kt:481) ~[doorman.jar:?]
	at com.r3.corda.networkmanage.doorman.NetworkManagementServer.<init>(NetworkManagementServer.kt:83) ~[doorman.jar:?]
	at com.r3.corda.networkmanage.doorman.RunEZMCommand.startNetworkServicesContainer(RunEZMCommand.kt:188) ~[doorman.jar:?]
	at com.r3.corda.networkmanage.doorman.RunEZMCommand.executeCommand(RunEZMCommand.kt:153) ~[doorman.jar:?]
	at com.r3.corda.networkmanage.shared.utils.BaseCommand.run(CLIUtils.kt:103) ~[doorman.jar:?]
	at picocli.CommandLine.execute(CommandLine.java:1043) ~[doorman.jar:?]
	at picocli.CommandLine.access$900(CommandLine.java:142) ~[doorman.jar:?]
	at picocli.CommandLine$RunLast.handle(CommandLine.java:1246) ~[doorman.jar:?]
	at picocli.CommandLine$RunLast.handle(CommandLine.java:1214) ~[doorman.jar:?]
	at picocli.CommandLine$AbstractParseResultHandler.handleParseResult(CommandLine.java:1122) ~[doorman.jar:?]
	at picocli.CommandLine.parseWithHandlers(CommandLine.java:1405) ~[doorman.jar:?]
	at picocli.CommandLine.run(CommandLine.java:1864) ~[doorman.jar:?]
	at picocli.CommandLine.run(CommandLine.java:1794) ~[doorman.jar:?]
	at com.r3.corda.networkmanage.doorman.MainKt.main(Main.kt:20) ~[doorman.jar:?]
[INFO ] 2019-05-21T06:56:50,498Z [main] doorman.RunEZMCommand.executeCommand - Starting Network Services... {}
[INFO ] 2019-05-21T06:56:50,540Z [main] common.utils.invoke - {
    # ./persistent/doorman.conf: 1
    "address" : "0.0.0.0:10000",
    # ./persistent/doorman.conf: 3
    "certificatesStoreFile" : "persistent/certificateStore.jks",
    # ./persistent/doorman.conf: 4
    "certificatesStorePassword" : "example-password",
    # ./persistent/doorman.conf: 6
    "dataSourceProperties" : {
        # ./persistent/doorman.conf: 10
        "dataSource.password" : "example-password",
        # ./persistent/doorman.conf: 8
        "dataSource.url" : "jdbc:h2:file:./persistent/doorman-persistence;DB_CLOSE_ON_EXIT=FALSE;LOCK_TIMEOUT=10000;WRITE_DELAY=0;AUTO_SERVER_PORT=0",
        # ./persistent/doorman.conf: 9
        "dataSource.user" : "example-user",
        # ./persistent/doorman.conf: 7
        "dataSourceClassName" : "org.h2.jdbcx.JdbcDataSource"
    },
    # ./persistent/doorman.conf: 13
    "database" : {
        # ./persistent/doorman.conf: 14
        "runMigration" : true
    },
    # ./persistent/doorman.conf: 17
    "doorman" : {
        # ./persistent/doorman.conf: 19
        "approveAll" : true,
        # ./persistent/doorman.conf: 31
        "ezmListener" : {
            # ./persistent/doorman.conf: 32
            "port" : 10001
        },
        # ./persistent/doorman.conf: 21
        "localSigner" : {
            # ./persistent/doorman.conf: 27
            "keyAlias" : "cordadoormanca",
            # ./persistent/doorman.conf: 26
            "keyPassword" : "example-password",
            # ./persistent/doorman.conf: 22
            "keyStore" : {
                # ./persistent/doorman.conf: 23
                "file" : "persistent/caKeyStore.jks",
                # ./persistent/doorman.conf: 24
                "password" : "example-password"
            },
            # ./persistent/doorman.conf: 28
            "signInterval" : 15000
        },
        # ./persistent/doorman.conf: 18
        "updateInterval" : 15000
    }
}
 {}
[INFO ] 2019-05-21T06:56:50,891Z [main] hikari.HikariDataSource.<init> - HikariPool-1 - Started. {}
[ERROR] 2019-05-21T06:56:51,108Z [main] ConsolePrint.uncaughtException - Error while executing Network Services command {}
[ERROR] 2019-05-21T06:56:51,108Z [main] ConsolePrint.uncaughtException - Network Services configuration error: 
Could not configure database: Failed to initialize pool: File corrupted while reading record: null. Possible solution: use the recovery tool [90030-197].

**************************************************************************
*                                                                        *
*  If you're upgrading a 0.2.X Network Map or Doorman service then you   *
*  will need to migrate existing data to the new schema. Please see the  *
*  upgrade notes in the docs at [docs.netman.r3.com/upgrade-notes.html]  *
*                                                                        *
**************************************************************************.
Please consult running network services documentation. {}
java.lang.IllegalArgumentException: 
Could not configure database: Failed to initialize pool: File corrupted while reading record: null. Possible solution: use the recovery tool [90030-197].

**************************************************************************
*                                                                        *
*  If you're upgrading a 0.2.X Network Map or Doorman service then you   *
*  will need to migrate existing data to the new schema. Please see the  *
*  upgrade notes in the docs at [docs.netman.r3.com/upgrade-notes.html]  *
*                                                                        *
**************************************************************************
	at com.r3.corda.networkmanage.doorman.NetworkManagementServer.configureDatabasePersistence(NetworkManagementServer.kt:481) ~[doorman.jar:?]
	at com.r3.corda.networkmanage.doorman.NetworkManagementServer.<init>(NetworkManagementServer.kt:83) ~[doorman.jar:?]
	at com.r3.corda.networkmanage.doorman.RunEZMCommand.startNetworkServicesContainer(RunEZMCommand.kt:188) ~[doorman.jar:?]
	at com.r3.corda.networkmanage.doorman.RunEZMCommand.executeCommand(RunEZMCommand.kt:153) ~[doorman.jar:?]
	at com.r3.corda.networkmanage.shared.utils.BaseCommand.run(CLIUtils.kt:103) ~[doorman.jar:?]
	at picocli.CommandLine.execute(CommandLine.java:1043) ~[doorman.jar:?]
	at picocli.CommandLine.access$900(CommandLine.java:142) ~[doorman.jar:?]
	at picocli.CommandLine$RunLast.handle(CommandLine.java:1246) ~[doorman.jar:?]
	at picocli.CommandLine$RunLast.handle(CommandLine.java:1214) ~[doorman.jar:?]
	at picocli.CommandLine$AbstractParseResultHandler.handleParseResult(CommandLine.java:1122) ~[doorman.jar:?]
	at picocli.CommandLine.parseWithHandlers(CommandLine.java:1405) ~[doorman.jar:?]
	at picocli.CommandLine.run(CommandLine.java:1864) ~[doorman.jar:?]
	at picocli.CommandLine.run(CommandLine.java:1794) ~[doorman.jar:?]
	at com.r3.corda.networkmanage.doorman.MainKt.main(Main.kt:20) ~[doorman.jar:?]
[INFO ] 2019-05-21T06:57:05,849Z [main] doorman.RunEZMCommand.executeCommand - Starting Network Services... {}
[INFO ] 2019-05-21T06:57:05,909Z [main] common.utils.invoke - {
    # ./persistent/doorman.conf: 1
    "address" : "0.0.0.0:10000",
    # ./persistent/doorman.conf: 3
    "certificatesStoreFile" : "persistent/certificateStore.jks",
    # ./persistent/doorman.conf: 4
    "certificatesStorePassword" : "example-password",
    # ./persistent/doorman.conf: 6
    "dataSourceProperties" : {
        # ./persistent/doorman.conf: 10
        "dataSource.password" : "example-password",
        # ./persistent/doorman.conf: 8
        "dataSource.url" : "jdbc:h2:file:./persistent/doorman-persistence;DB_CLOSE_ON_EXIT=FALSE;LOCK_TIMEOUT=10000;WRITE_DELAY=0;AUTO_SERVER_PORT=0",
        # ./persistent/doorman.conf: 9
        "dataSource.user" : "example-user",
        # ./persistent/doorman.conf: 7
        "dataSourceClassName" : "org.h2.jdbcx.JdbcDataSource"
    },
    # ./persistent/doorman.conf: 13
    "database" : {
        # ./persistent/doorman.conf: 14
        "runMigration" : true
    },
    # ./persistent/doorman.conf: 17
    "doorman" : {
        # ./persistent/doorman.conf: 19
        "approveAll" : true,
        # ./persistent/doorman.conf: 31
        "ezmListener" : {
            # ./persistent/doorman.conf: 32
            "port" : 10001
        },
        # ./persistent/doorman.conf: 21
        "localSigner" : {
            # ./persistent/doorman.conf: 27
            "keyAlias" : "cordadoormanca",
            # ./persistent/doorman.conf: 26
            "keyPassword" : "example-password",
            # ./persistent/doorman.conf: 22
            "keyStore" : {
                # ./persistent/doorman.conf: 23
                "file" : "persistent/caKeyStore.jks",
                # ./persistent/doorman.conf: 24
                "password" : "example-password"
            },
            # ./persistent/doorman.conf: 28
            "signInterval" : 15000
        },
        # ./persistent/doorman.conf: 18
        "updateInterval" : 15000
    }
}
 {}
[INFO ] 2019-05-21T06:57:06,513Z [main] hikari.HikariDataSource.<init> - HikariPool-1 - Started. {}
[ERROR] 2019-05-21T06:57:06,889Z [main] ConsolePrint.uncaughtException - Error while executing Network Services command {}
[ERROR] 2019-05-21T06:57:06,890Z [main] ConsolePrint.uncaughtException - Network Services configuration error: 
Could not configure database: Failed to initialize pool: File corrupted while reading record: null. Possible solution: use the recovery tool [90030-197].

**************************************************************************
*                                                                        *
*  If you're upgrading a 0.2.X Network Map or Doorman service then you   *
*  will need to migrate existing data to the new schema. Please see the  *
*  upgrade notes in the docs at [docs.netman.r3.com/upgrade-notes.html]  *
*                                                                        *
**************************************************************************.
Please consult running network services documentation. {}
java.lang.IllegalArgumentException: 
Could not configure database: Failed to initialize pool: File corrupted while reading record: null. Possible solution: use the recovery tool [90030-197].

**************************************************************************
*                                                                        *
*  If you're upgrading a 0.2.X Network Map or Doorman service then you   *
*  will need to migrate existing data to the new schema. Please see the  *
*  upgrade notes in the docs at [docs.netman.r3.com/upgrade-notes.html]  *
*                                                                        *
**************************************************************************
	at com.r3.corda.networkmanage.doorman.NetworkManagementServer.configureDatabasePersistence(NetworkManagementServer.kt:481) ~[doorman.jar:?]
	at com.r3.corda.networkmanage.doorman.NetworkManagementServer.<init>(NetworkManagementServer.kt:83) ~[doorman.jar:?]
	at com.r3.corda.networkmanage.doorman.RunEZMCommand.startNetworkServicesContainer(RunEZMCommand.kt:188) ~[doorman.jar:?]
	at com.r3.corda.networkmanage.doorman.RunEZMCommand.executeCommand(RunEZMCommand.kt:153) ~[doorman.jar:?]
	at com.r3.corda.networkmanage.shared.utils.BaseCommand.run(CLIUtils.kt:103) ~[doorman.jar:?]
	at picocli.CommandLine.execute(CommandLine.java:1043) ~[doorman.jar:?]
	at picocli.CommandLine.access$900(CommandLine.java:142) ~[doorman.jar:?]
	at picocli.CommandLine$RunLast.handle(CommandLine.java:1246) ~[doorman.jar:?]
	at picocli.CommandLine$RunLast.handle(CommandLine.java:1214) ~[doorman.jar:?]
	at picocli.CommandLine$AbstractParseResultHandler.handleParseResult(CommandLine.java:1122) ~[doorman.jar:?]
	at picocli.CommandLine.parseWithHandlers(CommandLine.java:1405) ~[doorman.jar:?]
	at picocli.CommandLine.run(CommandLine.java:1864) ~[doorman.jar:?]
	at picocli.CommandLine.run(CommandLine.java:1794) ~[doorman.jar:?]
	at com.r3.corda.networkmanage.doorman.MainKt.main(Main.kt:20) ~[doorman.jar:?]
[INFO ] 2019-05-21T06:57:31,279Z [main] doorman.RunEZMCommand.executeCommand - Starting Network Services... {}
[INFO ] 2019-05-21T06:57:31,323Z [main] common.utils.invoke - {
    # ./persistent/doorman.conf: 1
    "address" : "0.0.0.0:10000",
    # ./persistent/doorman.conf: 3
    "certificatesStoreFile" : "persistent/certificateStore.jks",
    # ./persistent/doorman.conf: 4
    "certificatesStorePassword" : "example-password",
    # ./persistent/doorman.conf: 6
    "dataSourceProperties" : {
        # ./persistent/doorman.conf: 10
        "dataSource.password" : "example-password",
        # ./persistent/doorman.conf: 8
        "dataSource.url" : "jdbc:h2:file:./persistent/doorman-persistence;DB_CLOSE_ON_EXIT=FALSE;LOCK_TIMEOUT=10000;WRITE_DELAY=0;AUTO_SERVER_PORT=0",
        # ./persistent/doorman.conf: 9
        "dataSource.user" : "example-user",
        # ./persistent/doorman.conf: 7
        "dataSourceClassName" : "org.h2.jdbcx.JdbcDataSource"
    },
    # ./persistent/doorman.conf: 13
    "database" : {
        # ./persistent/doorman.conf: 14
        "runMigration" : true
    },
    # ./persistent/doorman.conf: 17
    "doorman" : {
        # ./persistent/doorman.conf: 19
        "approveAll" : true,
        # ./persistent/doorman.conf: 31
        "ezmListener" : {
            # ./persistent/doorman.conf: 32
            "port" : 10001
        },
        # ./persistent/doorman.conf: 21
        "localSigner" : {
            # ./persistent/doorman.conf: 27
            "keyAlias" : "cordadoormanca",
            # ./persistent/doorman.conf: 26
            "keyPassword" : "example-password",
            # ./persistent/doorman.conf: 22
            "keyStore" : {
                # ./persistent/doorman.conf: 23
                "file" : "persistent/caKeyStore.jks",
                # ./persistent/doorman.conf: 24
                "password" : "example-password"
            },
            # ./persistent/doorman.conf: 28
            "signInterval" : 15000
        },
        # ./persistent/doorman.conf: 18
        "updateInterval" : 15000
    }
}
 {}
[INFO ] 2019-05-21T06:57:31,661Z [main] hikari.HikariDataSource.<init> - HikariPool-1 - Started. {}
[ERROR] 2019-05-21T06:57:31,878Z [main] ConsolePrint.uncaughtException - Error while executing Network Services command {}
[ERROR] 2019-05-21T06:57:31,879Z [main] ConsolePrint.uncaughtException - Network Services configuration error: 
Could not configure database: Failed to initialize pool: File corrupted while reading record: null. Possible solution: use the recovery tool [90030-197].

**************************************************************************
*                                                                        *
*  If you're upgrading a 0.2.X Network Map or Doorman service then you   *
*  will need to migrate existing data to the new schema. Please see the  *
*  upgrade notes in the docs at [docs.netman.r3.com/upgrade-notes.html]  *
*                                                                        *
**************************************************************************.
Please consult running network services documentation. {}
java.lang.IllegalArgumentException: 
Could not configure database: Failed to initialize pool: File corrupted while reading record: null. Possible solution: use the recovery tool [90030-197].

**************************************************************************
*                                                                        *
*  If you're upgrading a 0.2.X Network Map or Doorman service then you   *
*  will need to migrate existing data to the new schema. Please see the  *
*  upgrade notes in the docs at [docs.netman.r3.com/upgrade-notes.html]  *
*                                                                        *
**************************************************************************
	at com.r3.corda.networkmanage.doorman.NetworkManagementServer.configureDatabasePersistence(NetworkManagementServer.kt:481) ~[doorman.jar:?]
	at com.r3.corda.networkmanage.doorman.NetworkManagementServer.<init>(NetworkManagementServer.kt:83) ~[doorman.jar:?]
	at com.r3.corda.networkmanage.doorman.RunEZMCommand.startNetworkServicesContainer(RunEZMCommand.kt:188) ~[doorman.jar:?]
	at com.r3.corda.networkmanage.doorman.RunEZMCommand.executeCommand(RunEZMCommand.kt:153) ~[doorman.jar:?]
	at com.r3.corda.networkmanage.shared.utils.BaseCommand.run(CLIUtils.kt:103) ~[doorman.jar:?]
	at picocli.CommandLine.execute(CommandLine.java:1043) ~[doorman.jar:?]
	at picocli.CommandLine.access$900(CommandLine.java:142) ~[doorman.jar:?]
	at picocli.CommandLine$RunLast.handle(CommandLine.java:1246) ~[doorman.jar:?]
	at picocli.CommandLine$RunLast.handle(CommandLine.java:1214) ~[doorman.jar:?]
	at picocli.CommandLine$AbstractParseResultHandler.handleParseResult(CommandLine.java:1122) ~[doorman.jar:?]
	at picocli.CommandLine.parseWithHandlers(CommandLine.java:1405) ~[doorman.jar:?]
	at picocli.CommandLine.run(CommandLine.java:1864) ~[doorman.jar:?]
	at picocli.CommandLine.run(CommandLine.java:1794) ~[doorman.jar:?]
	at com.r3.corda.networkmanage.doorman.MainKt.main(Main.kt:20) ~[doorman.jar:?]
[INFO ] 2019-05-21T06:58:14,431Z [main] doorman.RunEZMCommand.executeCommand - Starting Network Services... {}
[INFO ] 2019-05-21T06:58:14,482Z [main] common.utils.invoke - {
    # ./persistent/doorman.conf: 1
    "address" : "0.0.0.0:10000",
    # ./persistent/doorman.conf: 3
    "certificatesStoreFile" : "persistent/certificateStore.jks",
    # ./persistent/doorman.conf: 4
    "certificatesStorePassword" : "example-password",
    # ./persistent/doorman.conf: 6
    "dataSourceProperties" : {
        # ./persistent/doorman.conf: 10
        "dataSource.password" : "example-password",
        # ./persistent/doorman.conf: 8
        "dataSource.url" : "jdbc:h2:file:./persistent/doorman-persistence;DB_CLOSE_ON_EXIT=FALSE;LOCK_TIMEOUT=10000;WRITE_DELAY=0;AUTO_SERVER_PORT=0",
        # ./persistent/doorman.conf: 9
        "dataSource.user" : "example-user",
        # ./persistent/doorman.conf: 7
        "dataSourceClassName" : "org.h2.jdbcx.JdbcDataSource"
    },
    # ./persistent/doorman.conf: 13
    "database" : {
        # ./persistent/doorman.conf: 14
        "runMigration" : true
    },
    # ./persistent/doorman.conf: 17
    "doorman" : {
        # ./persistent/doorman.conf: 19
        "approveAll" : true,
        # ./persistent/doorman.conf: 31
        "ezmListener" : {
            # ./persistent/doorman.conf: 32
            "port" : 10001
        },
        # ./persistent/doorman.conf: 21
        "localSigner" : {
            # ./persistent/doorman.conf: 27
            "keyAlias" : "cordadoormanca",
            # ./persistent/doorman.conf: 26
            "keyPassword" : "example-password",
            # ./persistent/doorman.conf: 22
            "keyStore" : {
                # ./persistent/doorman.conf: 23
                "file" : "persistent/caKeyStore.jks",
                # ./persistent/doorman.conf: 24
                "password" : "example-password"
            },
            # ./persistent/doorman.conf: 28
            "signInterval" : 15000
        },
        # ./persistent/doorman.conf: 18
        "updateInterval" : 15000
    }
}
 {}
[INFO ] 2019-05-21T06:58:14,886Z [main] hikari.HikariDataSource.<init> - HikariPool-1 - Started. {}
[ERROR] 2019-05-21T06:58:15,124Z [main] ConsolePrint.uncaughtException - Error while executing Network Services command {}
[ERROR] 2019-05-21T06:58:15,125Z [main] ConsolePrint.uncaughtException - Network Services configuration error: 
Could not configure database: Failed to initialize pool: File corrupted while reading record: null. Possible solution: use the recovery tool [90030-197].

**************************************************************************
*                                                                        *
*  If you're upgrading a 0.2.X Network Map or Doorman service then you   *
*  will need to migrate existing data to the new schema. Please see the  *
*  upgrade notes in the docs at [docs.netman.r3.com/upgrade-notes.html]  *
*                                                                        *
**************************************************************************.
Please consult running network services documentation. {}
java.lang.IllegalArgumentException: 
Could not configure database: Failed to initialize pool: File corrupted while reading record: null. Possible solution: use the recovery tool [90030-197].

**************************************************************************
*                                                                        *
*  If you're upgrading a 0.2.X Network Map or Doorman service then you   *
*  will need to migrate existing data to the new schema. Please see the  *
*  upgrade notes in the docs at [docs.netman.r3.com/upgrade-notes.html]  *
*                                                                        *
**************************************************************************
	at com.r3.corda.networkmanage.doorman.NetworkManagementServer.configureDatabasePersistence(NetworkManagementServer.kt:481) ~[doorman.jar:?]
	at com.r3.corda.networkmanage.doorman.NetworkManagementServer.<init>(NetworkManagementServer.kt:83) ~[doorman.jar:?]
	at com.r3.corda.networkmanage.doorman.RunEZMCommand.startNetworkServicesContainer(RunEZMCommand.kt:188) ~[doorman.jar:?]
	at com.r3.corda.networkmanage.doorman.RunEZMCommand.executeCommand(RunEZMCommand.kt:153) ~[doorman.jar:?]
	at com.r3.corda.networkmanage.shared.utils.BaseCommand.run(CLIUtils.kt:103) ~[doorman.jar:?]
	at picocli.CommandLine.execute(CommandLine.java:1043) ~[doorman.jar:?]
	at picocli.CommandLine.access$900(CommandLine.java:142) ~[doorman.jar:?]
	at picocli.CommandLine$RunLast.handle(CommandLine.java:1246) ~[doorman.jar:?]
	at picocli.CommandLine$RunLast.handle(CommandLine.java:1214) ~[doorman.jar:?]
	at picocli.CommandLine$AbstractParseResultHandler.handleParseResult(CommandLine.java:1122) ~[doorman.jar:?]
	at picocli.CommandLine.parseWithHandlers(CommandLine.java:1405) ~[doorman.jar:?]
	at picocli.CommandLine.run(CommandLine.java:1864) ~[doorman.jar:?]
	at picocli.CommandLine.run(CommandLine.java:1794) ~[doorman.jar:?]
	at com.r3.corda.networkmanage.doorman.MainKt.main(Main.kt:20) ~[doorman.jar:?]
[INFO ] 2019-05-21T06:59:47,436Z [main] doorman.RunEZMCommand.executeCommand - Starting Network Services... {}
[INFO ] 2019-05-21T06:59:47,481Z [main] common.utils.invoke - {
    # ./persistent/doorman.conf: 1
    "address" : "0.0.0.0:10000",
    # ./persistent/doorman.conf: 3
    "certificatesStoreFile" : "persistent/certificateStore.jks",
    # ./persistent/doorman.conf: 4
    "certificatesStorePassword" : "example-password",
    # ./persistent/doorman.conf: 6
    "dataSourceProperties" : {
        # ./persistent/doorman.conf: 10
        "dataSource.password" : "example-password",
        # ./persistent/doorman.conf: 8
        "dataSource.url" : "jdbc:h2:file:./persistent/doorman-persistence;DB_CLOSE_ON_EXIT=FALSE;LOCK_TIMEOUT=10000;WRITE_DELAY=0;AUTO_SERVER_PORT=0",
        # ./persistent/doorman.conf: 9
        "dataSource.user" : "example-user",
        # ./persistent/doorman.conf: 7
        "dataSourceClassName" : "org.h2.jdbcx.JdbcDataSource"
    },
    # ./persistent/doorman.conf: 13
    "database" : {
        # ./persistent/doorman.conf: 14
        "runMigration" : true
    },
    # ./persistent/doorman.conf: 17
    "doorman" : {
        # ./persistent/doorman.conf: 19
        "approveAll" : true,
        # ./persistent/doorman.conf: 31
        "ezmListener" : {
            # ./persistent/doorman.conf: 32
            "port" : 10001
        },
        # ./persistent/doorman.conf: 21
        "localSigner" : {
            # ./persistent/doorman.conf: 27
            "keyAlias" : "cordadoormanca",
            # ./persistent/doorman.conf: 26
            "keyPassword" : "example-password",
            # ./persistent/doorman.conf: 22
            "keyStore" : {
                # ./persistent/doorman.conf: 23
                "file" : "persistent/caKeyStore.jks",
                # ./persistent/doorman.conf: 24
                "password" : "example-password"
            },
            # ./persistent/doorman.conf: 28
            "signInterval" : 15000
        },
        # ./persistent/doorman.conf: 18
        "updateInterval" : 15000
    }
}
 {}
[INFO ] 2019-05-21T06:59:47,849Z [main] hikari.HikariDataSource.<init> - HikariPool-1 - Started. {}
[ERROR] 2019-05-21T06:59:48,073Z [main] ConsolePrint.uncaughtException - Error while executing Network Services command {}
[ERROR] 2019-05-21T06:59:48,073Z [main] ConsolePrint.uncaughtException - Network Services configuration error: 
Could not configure database: Failed to initialize pool: File corrupted while reading record: null. Possible solution: use the recovery tool [90030-197].

**************************************************************************
*                                                                        *
*  If you're upgrading a 0.2.X Network Map or Doorman service then you   *
*  will need to migrate existing data to the new schema. Please see the  *
*  upgrade notes in the docs at [docs.netman.r3.com/upgrade-notes.html]  *
*                                                                        *
**************************************************************************.
Please consult running network services documentation. {}
java.lang.IllegalArgumentException: 
Could not configure database: Failed to initialize pool: File corrupted while reading record: null. Possible solution: use the recovery tool [90030-197].

**************************************************************************
*                                                                        *
*  If you're upgrading a 0.2.X Network Map or Doorman service then you   *
*  will need to migrate existing data to the new schema. Please see the  *
*  upgrade notes in the docs at [docs.netman.r3.com/upgrade-notes.html]  *
*                                                                        *
**************************************************************************
	at com.r3.corda.networkmanage.doorman.NetworkManagementServer.configureDatabasePersistence(NetworkManagementServer.kt:481) ~[doorman.jar:?]
	at com.r3.corda.networkmanage.doorman.NetworkManagementServer.<init>(NetworkManagementServer.kt:83) ~[doorman.jar:?]
	at com.r3.corda.networkmanage.doorman.RunEZMCommand.startNetworkServicesContainer(RunEZMCommand.kt:188) ~[doorman.jar:?]
	at com.r3.corda.networkmanage.doorman.RunEZMCommand.executeCommand(RunEZMCommand.kt:153) ~[doorman.jar:?]
	at com.r3.corda.networkmanage.shared.utils.BaseCommand.run(CLIUtils.kt:103) ~[doorman.jar:?]
	at picocli.CommandLine.execute(CommandLine.java:1043) ~[doorman.jar:?]
	at picocli.CommandLine.access$900(CommandLine.java:142) ~[doorman.jar:?]
	at picocli.CommandLine$RunLast.handle(CommandLine.java:1246) ~[doorman.jar:?]
	at picocli.CommandLine$RunLast.handle(CommandLine.java:1214) ~[doorman.jar:?]
	at picocli.CommandLine$AbstractParseResultHandler.handleParseResult(CommandLine.java:1122) ~[doorman.jar:?]
	at picocli.CommandLine.parseWithHandlers(CommandLine.java:1405) ~[doorman.jar:?]
	at picocli.CommandLine.run(CommandLine.java:1864) ~[doorman.jar:?]
	at picocli.CommandLine.run(CommandLine.java:1794) ~[doorman.jar:?]
	at com.r3.corda.networkmanage.doorman.MainKt.main(Main.kt:20) ~[doorman.jar:?]
[INFO ] 2019-05-21T07:02:31,435Z [main] doorman.RunEZMCommand.executeCommand - Starting Network Services... {}
[INFO ] 2019-05-21T07:02:31,477Z [main] common.utils.invoke - {
    # ./persistent/doorman.conf: 1
    "address" : "0.0.0.0:10000",
    # ./persistent/doorman.conf: 3
    "certificatesStoreFile" : "persistent/certificateStore.jks",
    # ./persistent/doorman.conf: 4
    "certificatesStorePassword" : "example-password",
    # ./persistent/doorman.conf: 6
    "dataSourceProperties" : {
        # ./persistent/doorman.conf: 10
        "dataSource.password" : "example-password",
        # ./persistent/doorman.conf: 8
        "dataSource.url" : "jdbc:h2:file:./persistent/doorman-persistence;DB_CLOSE_ON_EXIT=FALSE;LOCK_TIMEOUT=10000;WRITE_DELAY=0;AUTO_SERVER_PORT=0",
        # ./persistent/doorman.conf: 9
        "dataSource.user" : "example-user",
        # ./persistent/doorman.conf: 7
        "dataSourceClassName" : "org.h2.jdbcx.JdbcDataSource"
    },
    # ./persistent/doorman.conf: 13
    "database" : {
        # ./persistent/doorman.conf: 14
        "runMigration" : true
    },
    # ./persistent/doorman.conf: 17
    "doorman" : {
        # ./persistent/doorman.conf: 19
        "approveAll" : true,
        # ./persistent/doorman.conf: 31
        "ezmListener" : {
            # ./persistent/doorman.conf: 32
            "port" : 10001
        },
        # ./persistent/doorman.conf: 21
        "localSigner" : {
            # ./persistent/doorman.conf: 27
            "keyAlias" : "cordadoormanca",
            # ./persistent/doorman.conf: 26
            "keyPassword" : "example-password",
            # ./persistent/doorman.conf: 22
            "keyStore" : {
                # ./persistent/doorman.conf: 23
                "file" : "persistent/caKeyStore.jks",
                # ./persistent/doorman.conf: 24
                "password" : "example-password"
            },
            # ./persistent/doorman.conf: 28
            "signInterval" : 15000
        },
        # ./persistent/doorman.conf: 18
        "updateInterval" : 15000
    }
}
 {}
[INFO ] 2019-05-21T07:02:31,837Z [main] hikari.HikariDataSource.<init> - HikariPool-1 - Started. {}
[ERROR] 2019-05-21T07:02:32,154Z [main] ConsolePrint.uncaughtException - Error while executing Network Services command {}
[ERROR] 2019-05-21T07:02:32,155Z [main] ConsolePrint.uncaughtException - Network Services configuration error: 
Could not configure database: Failed to initialize pool: File corrupted while reading record: null. Possible solution: use the recovery tool [90030-197].

**************************************************************************
*                                                                        *
*  If you're upgrading a 0.2.X Network Map or Doorman service then you   *
*  will need to migrate existing data to the new schema. Please see the  *
*  upgrade notes in the docs at [docs.netman.r3.com/upgrade-notes.html]  *
*                                                                        *
**************************************************************************.
Please consult running network services documentation. {}
java.lang.IllegalArgumentException: 
Could not configure database: Failed to initialize pool: File corrupted while reading record: null. Possible solution: use the recovery tool [90030-197].

**************************************************************************
*                                                                        *
*  If you're upgrading a 0.2.X Network Map or Doorman service then you   *
*  will need to migrate existing data to the new schema. Please see the  *
*  upgrade notes in the docs at [docs.netman.r3.com/upgrade-notes.html]  *
*                                                                        *
**************************************************************************
	at com.r3.corda.networkmanage.doorman.NetworkManagementServer.configureDatabasePersistence(NetworkManagementServer.kt:481) ~[doorman.jar:?]
	at com.r3.corda.networkmanage.doorman.NetworkManagementServer.<init>(NetworkManagementServer.kt:83) ~[doorman.jar:?]
	at com.r3.corda.networkmanage.doorman.RunEZMCommand.startNetworkServicesContainer(RunEZMCommand.kt:188) ~[doorman.jar:?]
	at com.r3.corda.networkmanage.doorman.RunEZMCommand.executeCommand(RunEZMCommand.kt:153) ~[doorman.jar:?]
	at com.r3.corda.networkmanage.shared.utils.BaseCommand.run(CLIUtils.kt:103) ~[doorman.jar:?]
	at picocli.CommandLine.execute(CommandLine.java:1043) ~[doorman.jar:?]
	at picocli.CommandLine.access$900(CommandLine.java:142) ~[doorman.jar:?]
	at picocli.CommandLine$RunLast.handle(CommandLine.java:1246) ~[doorman.jar:?]
	at picocli.CommandLine$RunLast.handle(CommandLine.java:1214) ~[doorman.jar:?]
	at picocli.CommandLine$AbstractParseResultHandler.handleParseResult(CommandLine.java:1122) ~[doorman.jar:?]
	at picocli.CommandLine.parseWithHandlers(CommandLine.java:1405) ~[doorman.jar:?]
	at picocli.CommandLine.run(CommandLine.java:1864) ~[doorman.jar:?]
	at picocli.CommandLine.run(CommandLine.java:1794) ~[doorman.jar:?]
	at com.r3.corda.networkmanage.doorman.MainKt.main(Main.kt:20) ~[doorman.jar:?]
[INFO ] 2019-05-21T07:07:42,324Z [main] doorman.RunEZMCommand.executeCommand - Starting Network Services... {}
[INFO ] 2019-05-21T07:07:42,365Z [main] common.utils.invoke - {
    # ./persistent/doorman.conf: 1
    "address" : "0.0.0.0:10000",
    # ./persistent/doorman.conf: 3
    "certificatesStoreFile" : "persistent/certificateStore.jks",
    # ./persistent/doorman.conf: 4
    "certificatesStorePassword" : "example-password",
    # ./persistent/doorman.conf: 6
    "dataSourceProperties" : {
        # ./persistent/doorman.conf: 10
        "dataSource.password" : "example-password",
        # ./persistent/doorman.conf: 8
        "dataSource.url" : "jdbc:h2:file:./persistent/doorman-persistence;DB_CLOSE_ON_EXIT=FALSE;LOCK_TIMEOUT=10000;WRITE_DELAY=0;AUTO_SERVER_PORT=0",
        # ./persistent/doorman.conf: 9
        "dataSource.user" : "example-user",
        # ./persistent/doorman.conf: 7
        "dataSourceClassName" : "org.h2.jdbcx.JdbcDataSource"
    },
    # ./persistent/doorman.conf: 13
    "database" : {
        # ./persistent/doorman.conf: 14
        "runMigration" : true
    },
    # ./persistent/doorman.conf: 17
    "doorman" : {
        # ./persistent/doorman.conf: 19
        "approveAll" : true,
        # ./persistent/doorman.conf: 31
        "ezmListener" : {
            # ./persistent/doorman.conf: 32
            "port" : 10001
        },
        # ./persistent/doorman.conf: 21
        "localSigner" : {
            # ./persistent/doorman.conf: 27
            "keyAlias" : "cordadoormanca",
            # ./persistent/doorman.conf: 26
            "keyPassword" : "example-password",
            # ./persistent/doorman.conf: 22
            "keyStore" : {
                # ./persistent/doorman.conf: 23
                "file" : "persistent/caKeyStore.jks",
                # ./persistent/doorman.conf: 24
                "password" : "example-password"
            },
            # ./persistent/doorman.conf: 28
            "signInterval" : 15000
        },
        # ./persistent/doorman.conf: 18
        "updateInterval" : 15000
    }
}
 {}
[INFO ] 2019-05-21T07:07:42,677Z [main] hikari.HikariDataSource.<init> - HikariPool-1 - Started. {}
[ERROR] 2019-05-21T07:07:42,874Z [main] ConsolePrint.uncaughtException - Error while executing Network Services command {}
[ERROR] 2019-05-21T07:07:42,874Z [main] ConsolePrint.uncaughtException - Network Services configuration error: 
Could not configure database: Failed to initialize pool: File corrupted while reading record: null. Possible solution: use the recovery tool [90030-197].

**************************************************************************
*                                                                        *
*  If you're upgrading a 0.2.X Network Map or Doorman service then you   *
*  will need to migrate existing data to the new schema. Please see the  *
*  upgrade notes in the docs at [docs.netman.r3.com/upgrade-notes.html]  *
*                                                                        *
**************************************************************************.
Please consult running network services documentation. {}
java.lang.IllegalArgumentException: 
Could not configure database: Failed to initialize pool: File corrupted while reading record: null. Possible solution: use the recovery tool [90030-197].

**************************************************************************
*                                                                        *
*  If you're upgrading a 0.2.X Network Map or Doorman service then you   *
*  will need to migrate existing data to the new schema. Please see the  *
*  upgrade notes in the docs at [docs.netman.r3.com/upgrade-notes.html]  *
*                                                                        *
**************************************************************************
	at com.r3.corda.networkmanage.doorman.NetworkManagementServer.configureDatabasePersistence(NetworkManagementServer.kt:481) ~[doorman.jar:?]
	at com.r3.corda.networkmanage.doorman.NetworkManagementServer.<init>(NetworkManagementServer.kt:83) ~[doorman.jar:?]
	at com.r3.corda.networkmanage.doorman.RunEZMCommand.startNetworkServicesContainer(RunEZMCommand.kt:188) ~[doorman.jar:?]
	at com.r3.corda.networkmanage.doorman.RunEZMCommand.executeCommand(RunEZMCommand.kt:153) ~[doorman.jar:?]
	at com.r3.corda.networkmanage.shared.utils.BaseCommand.run(CLIUtils.kt:103) ~[doorman.jar:?]
	at picocli.CommandLine.execute(CommandLine.java:1043) ~[doorman.jar:?]
	at picocli.CommandLine.access$900(CommandLine.java:142) ~[doorman.jar:?]
	at picocli.CommandLine$RunLast.handle(CommandLine.java:1246) ~[doorman.jar:?]
	at picocli.CommandLine$RunLast.handle(CommandLine.java:1214) ~[doorman.jar:?]
	at picocli.CommandLine$AbstractParseResultHandler.handleParseResult(CommandLine.java:1122) ~[doorman.jar:?]
	at picocli.CommandLine.parseWithHandlers(CommandLine.java:1405) ~[doorman.jar:?]
	at picocli.CommandLine.run(CommandLine.java:1864) ~[doorman.jar:?]
	at picocli.CommandLine.run(CommandLine.java:1794) ~[doorman.jar:?]
	at com.r3.corda.networkmanage.doorman.MainKt.main(Main.kt:20) ~[doorman.jar:?]
[INFO ] 2019-05-21T07:12:54,302Z [main] doorman.RunEZMCommand.executeCommand - Starting Network Services... {}
[INFO ] 2019-05-21T07:12:54,341Z [main] common.utils.invoke - {
    # ./persistent/doorman.conf: 1
    "address" : "0.0.0.0:10000",
    # ./persistent/doorman.conf: 3
    "certificatesStoreFile" : "persistent/certificateStore.jks",
    # ./persistent/doorman.conf: 4
    "certificatesStorePassword" : "example-password",
    # ./persistent/doorman.conf: 6
    "dataSourceProperties" : {
        # ./persistent/doorman.conf: 10
        "dataSource.password" : "example-password",
        # ./persistent/doorman.conf: 8
        "dataSource.url" : "jdbc:h2:file:./persistent/doorman-persistence;DB_CLOSE_ON_EXIT=FALSE;LOCK_TIMEOUT=10000;WRITE_DELAY=0;AUTO_SERVER_PORT=0",
        # ./persistent/doorman.conf: 9
        "dataSource.user" : "example-user",
        # ./persistent/doorman.conf: 7
        "dataSourceClassName" : "org.h2.jdbcx.JdbcDataSource"
    },
    # ./persistent/doorman.conf: 13
    "database" : {
        # ./persistent/doorman.conf: 14
        "runMigration" : true
    },
    # ./persistent/doorman.conf: 17
    "doorman" : {
        # ./persistent/doorman.conf: 19
        "approveAll" : true,
        # ./persistent/doorman.conf: 31
        "ezmListener" : {
            # ./persistent/doorman.conf: 32
            "port" : 10001
        },
        # ./persistent/doorman.conf: 21
        "localSigner" : {
            # ./persistent/doorman.conf: 27
            "keyAlias" : "cordadoormanca",
            # ./persistent/doorman.conf: 26
            "keyPassword" : "example-password",
            # ./persistent/doorman.conf: 22
            "keyStore" : {
                # ./persistent/doorman.conf: 23
                "file" : "persistent/caKeyStore.jks",
                # ./persistent/doorman.conf: 24
                "password" : "example-password"
            },
            # ./persistent/doorman.conf: 28
            "signInterval" : 15000
        },
        # ./persistent/doorman.conf: 18
        "updateInterval" : 15000
    }
}
 {}
[INFO ] 2019-05-21T07:12:54,667Z [main] hikari.HikariDataSource.<init> - HikariPool-1 - Started. {}
[ERROR] 2019-05-21T07:12:54,856Z [main] ConsolePrint.uncaughtException - Error while executing Network Services command {}
[ERROR] 2019-05-21T07:12:54,857Z [main] ConsolePrint.uncaughtException - Network Services configuration error: 
Could not configure database: Failed to initialize pool: File corrupted while reading record: null. Possible solution: use the recovery tool [90030-197].

**************************************************************************
*                                                                        *
*  If you're upgrading a 0.2.X Network Map or Doorman service then you   *
*  will need to migrate existing data to the new schema. Please see the  *
*  upgrade notes in the docs at [docs.netman.r3.com/upgrade-notes.html]  *
*                                                                        *
**************************************************************************.
Please consult running network services documentation. {}
java.lang.IllegalArgumentException: 
Could not configure database: Failed to initialize pool: File corrupted while reading record: null. Possible solution: use the recovery tool [90030-197].

**************************************************************************
*                                                                        *
*  If you're upgrading a 0.2.X Network Map or Doorman service then you   *
*  will need to migrate existing data to the new schema. Please see the  *
*  upgrade notes in the docs at [docs.netman.r3.com/upgrade-notes.html]  *
*                                                                        *
**************************************************************************
	at com.r3.corda.networkmanage.doorman.NetworkManagementServer.configureDatabasePersistence(NetworkManagementServer.kt:481) ~[doorman.jar:?]
	at com.r3.corda.networkmanage.doorman.NetworkManagementServer.<init>(NetworkManagementServer.kt:83) ~[doorman.jar:?]
	at com.r3.corda.networkmanage.doorman.RunEZMCommand.startNetworkServicesContainer(RunEZMCommand.kt:188) ~[doorman.jar:?]
	at com.r3.corda.networkmanage.doorman.RunEZMCommand.executeCommand(RunEZMCommand.kt:153) ~[doorman.jar:?]
	at com.r3.corda.networkmanage.shared.utils.BaseCommand.run(CLIUtils.kt:103) ~[doorman.jar:?]
	at picocli.CommandLine.execute(CommandLine.java:1043) ~[doorman.jar:?]
	at picocli.CommandLine.access$900(CommandLine.java:142) ~[doorman.jar:?]
	at picocli.CommandLine$RunLast.handle(CommandLine.java:1246) ~[doorman.jar:?]
	at picocli.CommandLine$RunLast.handle(CommandLine.java:1214) ~[doorman.jar:?]
	at picocli.CommandLine$AbstractParseResultHandler.handleParseResult(CommandLine.java:1122) ~[doorman.jar:?]
	at picocli.CommandLine.parseWithHandlers(CommandLine.java:1405) ~[doorman.jar:?]
	at picocli.CommandLine.run(CommandLine.java:1864) ~[doorman.jar:?]
	at picocli.CommandLine.run(CommandLine.java:1794) ~[doorman.jar:?]
	at com.r3.corda.networkmanage.doorman.MainKt.main(Main.kt:20) ~[doorman.jar:?]
[INFO ] 2019-05-21T07:52:21,046Z [main] doorman.RunEZMCommand.executeCommand - Starting Network Services... {}
[INFO ] 2019-05-21T07:52:21,158Z [main] common.utils.invoke - {
    # ./persistent/doorman.conf: 1
    "address" : "0.0.0.0:10000",
    # ./persistent/doorman.conf: 3
    "certificatesStoreFile" : "persistent/certificateStore.jks",
    # ./persistent/doorman.conf: 4
    "certificatesStorePassword" : "example-password",
    # ./persistent/doorman.conf: 6
    "dataSourceProperties" : {
        # ./persistent/doorman.conf: 10
        "dataSource.password" : "example-password",
        # ./persistent/doorman.conf: 8
        "dataSource.url" : "jdbc:h2:file:./persistent/doorman-persistence;DB_CLOSE_ON_EXIT=FALSE;LOCK_TIMEOUT=10000;WRITE_DELAY=0;AUTO_SERVER_PORT=0",
        # ./persistent/doorman.conf: 9
        "dataSource.user" : "example-user",
        # ./persistent/doorman.conf: 7
        "dataSourceClassName" : "org.h2.jdbcx.JdbcDataSource"
    },
    # ./persistent/doorman.conf: 13
    "database" : {
        # ./persistent/doorman.conf: 14
        "runMigration" : true
    },
    # ./persistent/doorman.conf: 17
    "doorman" : {
        # ./persistent/doorman.conf: 19
        "approveAll" : true,
        # ./persistent/doorman.conf: 31
        "ezmListener" : {
            # ./persistent/doorman.conf: 32
            "port" : 10001
        },
        # ./persistent/doorman.conf: 21
        "localSigner" : {
            # ./persistent/doorman.conf: 27
            "keyAlias" : "cordadoormanca",
            # ./persistent/doorman.conf: 26
            "keyPassword" : "example-password",
            # ./persistent/doorman.conf: 22
            "keyStore" : {
                # ./persistent/doorman.conf: 23
                "file" : "persistent/caKeyStore.jks",
                # ./persistent/doorman.conf: 24
                "password" : "example-password"
            },
            # ./persistent/doorman.conf: 28
            "signInterval" : 15000
        },
        # ./persistent/doorman.conf: 18
        "updateInterval" : 15000
    }
}
 {}
[INFO ] 2019-05-21T07:52:21,937Z [main] hikari.HikariDataSource.<init> - HikariPool-1 - Started. {}
[ERROR] 2019-05-21T07:52:22,480Z [main] ConsolePrint.uncaughtException - Error while executing Network Services command {}
[ERROR] 2019-05-21T07:52:22,482Z [main] ConsolePrint.uncaughtException - Network Services configuration error: 
Could not configure database: Failed to initialize pool: File corrupted while reading record: null. Possible solution: use the recovery tool [90030-197].

**************************************************************************
*                                                                        *
*  If you're upgrading a 0.2.X Network Map or Doorman service then you   *
*  will need to migrate existing data to the new schema. Please see the  *
*  upgrade notes in the docs at [docs.netman.r3.com/upgrade-notes.html]  *
*                                                                        *
**************************************************************************.
Please consult running network services documentation. {}
java.lang.IllegalArgumentException: 
Could not configure database: Failed to initialize pool: File corrupted while reading record: null. Possible solution: use the recovery tool [90030-197].

**************************************************************************
*                                                                        *
*  If you're upgrading a 0.2.X Network Map or Doorman service then you   *
*  will need to migrate existing data to the new schema. Please see the  *
*  upgrade notes in the docs at [docs.netman.r3.com/upgrade-notes.html]  *
*                                                                        *
**************************************************************************
	at com.r3.corda.networkmanage.doorman.NetworkManagementServer.configureDatabasePersistence(NetworkManagementServer.kt:481) ~[doorman.jar:?]
	at com.r3.corda.networkmanage.doorman.NetworkManagementServer.<init>(NetworkManagementServer.kt:83) ~[doorman.jar:?]
	at com.r3.corda.networkmanage.doorman.RunEZMCommand.startNetworkServicesContainer(RunEZMCommand.kt:188) ~[doorman.jar:?]
	at com.r3.corda.networkmanage.doorman.RunEZMCommand.executeCommand(RunEZMCommand.kt:153) ~[doorman.jar:?]
	at com.r3.corda.networkmanage.shared.utils.BaseCommand.run(CLIUtils.kt:103) ~[doorman.jar:?]
	at picocli.CommandLine.execute(CommandLine.java:1043) ~[doorman.jar:?]
	at picocli.CommandLine.access$900(CommandLine.java:142) ~[doorman.jar:?]
	at picocli.CommandLine$RunLast.handle(CommandLine.java:1246) ~[doorman.jar:?]
	at picocli.CommandLine$RunLast.handle(CommandLine.java:1214) ~[doorman.jar:?]
	at picocli.CommandLine$AbstractParseResultHandler.handleParseResult(CommandLine.java:1122) ~[doorman.jar:?]
	at picocli.CommandLine.parseWithHandlers(CommandLine.java:1405) ~[doorman.jar:?]
	at picocli.CommandLine.run(CommandLine.java:1864) ~[doorman.jar:?]
	at picocli.CommandLine.run(CommandLine.java:1794) ~[doorman.jar:?]
	at com.r3.corda.networkmanage.doorman.MainKt.main(Main.kt:20) ~[doorman.jar:?]
