[INFO ] 2019-05-21T09:52:41,247Z [pool-2-thread-1] Signer.signRequests - Signing CSRs... {}
[INFO ] 2019-05-21T09:52:41,252Z [pool-2-thread-1] Signer.invoke - Initializing signer... {}
[INFO ] 2019-05-21T09:52:41,253Z [pool-2-thread-1] Signer.signRequests - Storing signed CSRs... {}
[INFO ] 2019-05-21T09:52:41,254Z [pool-2-thread-1] Signer.signRequests - The following certificates have been signed by [LocalSigner]: {}
[INFO ] 2019-05-21T09:52:56,113Z [pool-2-thread-1] Signer.signRequests - Signing CSRs... {}
[INFO ] 2019-05-21T09:52:56,113Z [pool-2-thread-1] Signer.invoke - Initializing signer... {}
[INFO ] 2019-05-21T09:52:56,198Z [pool-2-thread-1] Signer.signRequests - Storing signed CSRs... {}
[INFO ] 2019-05-21T09:52:56,241Z [pool-2-thread-1] Signer.signRequests - The following certificates have been signed by [LocalSigner]: {}
[INFO ] 2019-05-21T09:52:56,242Z [pool-2-thread-1] Signer.signRequests - 1 C=GB,L=London,O=Notary {}
[INFO ] 2019-05-21T09:52:56,243Z [pool-2-thread-1] Signer.signRequests - 2 C=GB,L=London,O=PartyA {}
[INFO ] 2019-05-21T09:52:56,244Z [pool-2-thread-1] Signer.signRequests - 3 C=GB,L=London,O=PartyB {}
[INFO ] 2019-05-21T09:53:11,110Z [pool-2-thread-1] Signer.signRequests - Signing CSRs... {}
[INFO ] 2019-05-21T09:53:11,113Z [pool-2-thread-1] Signer.invoke - Initializing signer... {}
[INFO ] 2019-05-21T09:53:11,121Z [pool-2-thread-1] Signer.signRequests - Storing signed CSRs... {}
[INFO ] 2019-05-21T09:53:11,125Z [pool-2-thread-1] Signer.signRequests - The following certificates have been signed by [LocalSigner]: {}
[INFO ] 2019-05-21T09:53:26,113Z [pool-2-thread-1] Signer.signRequests - Signing CSRs... {}
[INFO ] 2019-05-21T09:53:26,114Z [pool-2-thread-1] Signer.invoke - Initializing signer... {}
[INFO ] 2019-05-21T09:53:26,114Z [pool-2-thread-1] Signer.signRequests - Storing signed CSRs... {}
[INFO ] 2019-05-21T09:53:26,115Z [pool-2-thread-1] Signer.signRequests - The following certificates have been signed by [LocalSigner]: {}
[INFO ] 2019-05-21T09:53:41,112Z [pool-2-thread-1] Signer.signRequests - Signing CSRs... {}
[INFO ] 2019-05-21T09:53:41,113Z [pool-2-thread-1] Signer.invoke - Initializing signer... {}
[INFO ] 2019-05-21T09:53:41,114Z [pool-2-thread-1] Signer.signRequests - Storing signed CSRs... {}
[INFO ] 2019-05-21T09:53:41,114Z [pool-2-thread-1] Signer.signRequests - The following certificates have been signed by [LocalSigner]: {}
[INFO ] 2019-05-21T09:53:56,113Z [pool-2-thread-1] Signer.signRequests - Signing CSRs... {}
[INFO ] 2019-05-21T09:53:56,113Z [pool-2-thread-1] Signer.invoke - Initializing signer... {}
[INFO ] 2019-05-21T09:53:56,114Z [pool-2-thread-1] Signer.signRequests - Storing signed CSRs... {}
[INFO ] 2019-05-21T09:53:56,114Z [pool-2-thread-1] Signer.signRequests - The following certificates have been signed by [LocalSigner]: {}
[INFO ] 2019-05-21T09:54:11,112Z [pool-2-thread-1] Signer.signRequests - Signing CSRs... {}
[INFO ] 2019-05-21T09:54:11,113Z [pool-2-thread-1] Signer.invoke - Initializing signer... {}
[INFO ] 2019-05-21T09:54:11,114Z [pool-2-thread-1] Signer.signRequests - Storing signed CSRs... {}
[INFO ] 2019-05-21T09:54:11,114Z [pool-2-thread-1] Signer.signRequests - The following certificates have been signed by [LocalSigner]: {}
[INFO ] 2019-05-21T09:54:26,120Z [pool-2-thread-1] Signer.signRequests - Signing CSRs... {}
[INFO ] 2019-05-21T09:54:26,121Z [pool-2-thread-1] Signer.invoke - Initializing signer... {}
[INFO ] 2019-05-21T09:54:26,122Z [pool-2-thread-1] Signer.signRequests - Storing signed CSRs... {}
[INFO ] 2019-05-21T09:54:26,122Z [pool-2-thread-1] Signer.signRequests - The following certificates have been signed by [LocalSigner]: {}
[INFO ] 2019-05-21T09:54:41,116Z [pool-2-thread-1] Signer.signRequests - Signing CSRs... {}
[INFO ] 2019-05-21T09:54:41,117Z [pool-2-thread-1] Signer.invoke - Initializing signer... {}
[INFO ] 2019-05-21T09:54:41,118Z [pool-2-thread-1] Signer.signRequests - Storing signed CSRs... {}
[INFO ] 2019-05-21T09:54:41,119Z [pool-2-thread-1] Signer.signRequests - The following certificates have been signed by [LocalSigner]: {}
[INFO ] 2019-05-21T09:54:56,117Z [pool-2-thread-1] Signer.signRequests - Signing CSRs... {}
[INFO ] 2019-05-21T09:54:56,118Z [pool-2-thread-1] Signer.invoke - Initializing signer... {}
[INFO ] 2019-05-21T09:54:56,119Z [pool-2-thread-1] Signer.signRequests - Storing signed CSRs... {}
[INFO ] 2019-05-21T09:54:56,120Z [pool-2-thread-1] Signer.signRequests - The following certificates have been signed by [LocalSigner]: {}
[INFO ] 2019-05-21T09:55:11,117Z [pool-2-thread-1] Signer.signRequests - Signing CSRs... {}
[INFO ] 2019-05-21T09:55:11,118Z [pool-2-thread-1] Signer.invoke - Initializing signer... {}
[INFO ] 2019-05-21T09:55:11,119Z [pool-2-thread-1] Signer.signRequests - Storing signed CSRs... {}
[INFO ] 2019-05-21T09:55:11,120Z [pool-2-thread-1] Signer.signRequests - The following certificates have been signed by [LocalSigner]: {}
[INFO ] 2019-05-21T09:55:26,117Z [pool-2-thread-1] Signer.signRequests - Signing CSRs... {}
[INFO ] 2019-05-21T09:55:26,118Z [pool-2-thread-1] Signer.invoke - Initializing signer... {}
[INFO ] 2019-05-21T09:55:26,119Z [pool-2-thread-1] Signer.signRequests - Storing signed CSRs... {}
[INFO ] 2019-05-21T09:55:26,119Z [pool-2-thread-1] Signer.signRequests - The following certificates have been signed by [LocalSigner]: {}
[INFO ] 2019-05-21T09:55:41,123Z [pool-2-thread-1] Signer.signRequests - Signing CSRs... {}
[INFO ] 2019-05-21T09:55:41,123Z [pool-2-thread-1] Signer.invoke - Initializing signer... {}
[INFO ] 2019-05-21T09:55:41,124Z [pool-2-thread-1] Signer.signRequests - Storing signed CSRs... {}
[INFO ] 2019-05-21T09:55:41,124Z [pool-2-thread-1] Signer.signRequests - The following certificates have been signed by [LocalSigner]: {}
[INFO ] 2019-05-21T09:55:56,119Z [pool-2-thread-1] Signer.signRequests - Signing CSRs... {}
[INFO ] 2019-05-21T09:55:56,119Z [pool-2-thread-1] Signer.invoke - Initializing signer... {}
[INFO ] 2019-05-21T09:55:56,120Z [pool-2-thread-1] Signer.signRequests - Storing signed CSRs... {}
[INFO ] 2019-05-21T09:55:56,120Z [pool-2-thread-1] Signer.signRequests - The following certificates have been signed by [LocalSigner]: {}
[INFO ] 2019-05-21T09:56:11,120Z [pool-2-thread-1] Signer.signRequests - Signing CSRs... {}
[INFO ] 2019-05-21T09:56:11,121Z [pool-2-thread-1] Signer.invoke - Initializing signer... {}
[INFO ] 2019-05-21T09:56:11,122Z [pool-2-thread-1] Signer.signRequests - Storing signed CSRs... {}
[INFO ] 2019-05-21T09:56:11,122Z [pool-2-thread-1] Signer.signRequests - The following certificates have been signed by [LocalSigner]: {}
[INFO ] 2019-05-21T09:56:26,118Z [pool-2-thread-1] Signer.signRequests - Signing CSRs... {}
[INFO ] 2019-05-21T09:56:26,120Z [pool-2-thread-1] Signer.invoke - Initializing signer... {}
[INFO ] 2019-05-21T09:56:26,120Z [pool-2-thread-1] Signer.signRequests - Storing signed CSRs... {}
[INFO ] 2019-05-21T09:56:26,121Z [pool-2-thread-1] Signer.signRequests - The following certificates have been signed by [LocalSigner]: {}
[INFO ] 2019-05-21T09:56:41,122Z [pool-2-thread-1] Signer.signRequests - Signing CSRs... {}
[INFO ] 2019-05-21T09:56:41,123Z [pool-2-thread-1] Signer.invoke - Initializing signer... {}
[INFO ] 2019-05-21T09:56:41,124Z [pool-2-thread-1] Signer.signRequests - Storing signed CSRs... {}
[INFO ] 2019-05-21T09:56:41,125Z [pool-2-thread-1] Signer.signRequests - The following certificates have been signed by [LocalSigner]: {}
[INFO ] 2019-05-21T09:56:56,121Z [pool-2-thread-1] Signer.signRequests - Signing CSRs... {}
[INFO ] 2019-05-21T09:56:56,122Z [pool-2-thread-1] Signer.invoke - Initializing signer... {}
[INFO ] 2019-05-21T09:56:56,123Z [pool-2-thread-1] Signer.signRequests - Storing signed CSRs... {}
[INFO ] 2019-05-21T09:56:56,123Z [pool-2-thread-1] Signer.signRequests - The following certificates have been signed by [LocalSigner]: {}
[INFO ] 2019-05-21T09:57:11,124Z [pool-2-thread-1] Signer.signRequests - Signing CSRs... {}
[INFO ] 2019-05-21T09:57:11,125Z [pool-2-thread-1] Signer.invoke - Initializing signer... {}
[INFO ] 2019-05-21T09:57:11,126Z [pool-2-thread-1] Signer.signRequests - Storing signed CSRs... {}
[INFO ] 2019-05-21T09:57:11,126Z [pool-2-thread-1] Signer.signRequests - The following certificates have been signed by [LocalSigner]: {}
[INFO ] 2019-05-21T09:57:26,123Z [pool-2-thread-1] Signer.signRequests - Signing CSRs... {}
[INFO ] 2019-05-21T09:57:26,124Z [pool-2-thread-1] Signer.invoke - Initializing signer... {}
[INFO ] 2019-05-21T09:57:26,125Z [pool-2-thread-1] Signer.signRequests - Storing signed CSRs... {}
[INFO ] 2019-05-21T09:57:26,125Z [pool-2-thread-1] Signer.signRequests - The following certificates have been signed by [LocalSigner]: {}
[INFO ] 2019-05-21T09:57:41,125Z [pool-2-thread-1] Signer.signRequests - Signing CSRs... {}
[INFO ] 2019-05-21T09:57:41,126Z [pool-2-thread-1] Signer.invoke - Initializing signer... {}
[INFO ] 2019-05-21T09:57:41,127Z [pool-2-thread-1] Signer.signRequests - Storing signed CSRs... {}
[INFO ] 2019-05-21T09:57:41,128Z [pool-2-thread-1] Signer.signRequests - The following certificates have been signed by [LocalSigner]: {}
[INFO ] 2019-05-21T09:57:56,128Z [pool-2-thread-1] Signer.signRequests - Signing CSRs... {}
[INFO ] 2019-05-21T09:57:56,129Z [pool-2-thread-1] Signer.invoke - Initializing signer... {}
[INFO ] 2019-05-21T09:57:56,130Z [pool-2-thread-1] Signer.signRequests - Storing signed CSRs... {}
[INFO ] 2019-05-21T09:57:56,130Z [pool-2-thread-1] Signer.signRequests - The following certificates have been signed by [LocalSigner]: {}
[INFO ] 2019-05-21T09:58:11,126Z [pool-2-thread-1] Signer.signRequests - Signing CSRs... {}
[INFO ] 2019-05-21T09:58:11,127Z [pool-2-thread-1] Signer.invoke - Initializing signer... {}
[INFO ] 2019-05-21T09:58:11,128Z [pool-2-thread-1] Signer.signRequests - Storing signed CSRs... {}
[INFO ] 2019-05-21T09:58:11,129Z [pool-2-thread-1] Signer.signRequests - The following certificates have been signed by [LocalSigner]: {}
[INFO ] 2019-05-21T09:58:26,126Z [pool-2-thread-1] Signer.signRequests - Signing CSRs... {}
[INFO ] 2019-05-21T09:58:26,127Z [pool-2-thread-1] Signer.invoke - Initializing signer... {}
[INFO ] 2019-05-21T09:58:26,127Z [pool-2-thread-1] Signer.signRequests - Storing signed CSRs... {}
[INFO ] 2019-05-21T09:58:26,128Z [pool-2-thread-1] Signer.signRequests - The following certificates have been signed by [LocalSigner]: {}
[INFO ] 2019-05-21T09:58:41,128Z [pool-2-thread-1] Signer.signRequests - Signing CSRs... {}
[INFO ] 2019-05-21T09:58:41,129Z [pool-2-thread-1] Signer.invoke - Initializing signer... {}
[INFO ] 2019-05-21T09:58:41,130Z [pool-2-thread-1] Signer.signRequests - Storing signed CSRs... {}
[INFO ] 2019-05-21T09:58:41,130Z [pool-2-thread-1] Signer.signRequests - The following certificates have been signed by [LocalSigner]: {}
[INFO ] 2019-05-21T09:58:56,126Z [pool-2-thread-1] Signer.signRequests - Signing CSRs... {}
[INFO ] 2019-05-21T09:58:56,127Z [pool-2-thread-1] Signer.invoke - Initializing signer... {}
[INFO ] 2019-05-21T09:58:56,127Z [pool-2-thread-1] Signer.signRequests - Storing signed CSRs... {}
[INFO ] 2019-05-21T09:58:56,128Z [pool-2-thread-1] Signer.signRequests - The following certificates have been signed by [LocalSigner]: {}
[INFO ] 2019-05-21T09:59:11,129Z [pool-2-thread-1] Signer.signRequests - Signing CSRs... {}
[INFO ] 2019-05-21T09:59:11,130Z [pool-2-thread-1] Signer.invoke - Initializing signer... {}
[INFO ] 2019-05-21T09:59:11,131Z [pool-2-thread-1] Signer.signRequests - Storing signed CSRs... {}
[INFO ] 2019-05-21T09:59:11,132Z [pool-2-thread-1] Signer.signRequests - The following certificates have been signed by [LocalSigner]: {}
