[INFO ] 2019-05-21T10:00:13,263Z [main] doorman.RunEZMCommand.executeCommand - Starting Network Services... {}
[INFO ] 2019-05-21T10:00:13,309Z [main] common.utils.invoke - {
    # ./persistent/doorman.conf: 1
    "address" : "0.0.0.0:10000",
    # ./persistent/doorman.conf: 3
    "certificatesStoreFile" : "persistent/certificateStore.jks",
    # ./persistent/doorman.conf: 4
    "certificatesStorePassword" : "example-password",
    # ./persistent/doorman.conf: 6
    "dataSourceProperties" : {
        # ./persistent/doorman.conf: 10
        "dataSource.password" : "example-password",
        # ./persistent/doorman.conf: 8
        "dataSource.url" : "jdbc:h2:file:./persistent/doorman-persistence;DB_CLOSE_ON_EXIT=FALSE;LOCK_TIMEOUT=10000;WRITE_DELAY=0;AUTO_SERVER_PORT=0",
        # ./persistent/doorman.conf: 9
        "dataSource.user" : "example-user",
        # ./persistent/doorman.conf: 7
        "dataSourceClassName" : "org.h2.jdbcx.JdbcDataSource"
    },
    # ./persistent/doorman.conf: 13
    "database" : {
        # ./persistent/doorman.conf: 14
        "runMigration" : true
    },
    # ./persistent/doorman.conf: 17
    "doorman" : {
        # ./persistent/doorman.conf: 19
        "approveAll" : true,
        # ./persistent/doorman.conf: 31
        "ezmListener" : {
            # ./persistent/doorman.conf: 32
            "port" : 10001
        },
        # ./persistent/doorman.conf: 21
        "localSigner" : {
            # ./persistent/doorman.conf: 27
            "keyAlias" : "cordadoormanca",
            # ./persistent/doorman.conf: 26
            "keyPassword" : "example-password",
            # ./persistent/doorman.conf: 22
            "keyStore" : {
                # ./persistent/doorman.conf: 23
                "file" : "persistent/caKeyStore.jks",
                # ./persistent/doorman.conf: 24
                "password" : "example-password"
            },
            # ./persistent/doorman.conf: 28
            "signInterval" : 15000
        },
        # ./persistent/doorman.conf: 18
        "updateInterval" : 15000
    }
}
 {}
[INFO ] 2019-05-21T10:00:13,711Z [main] hikari.HikariDataSource.<init> - HikariPool-1 - Started. {}
[INFO ] 2019-05-21T10:00:16,427Z [main] persistence.SchemaMigration.doRunMigration - defaultSchemaName=PUBLIC {}
[INFO ] 2019-05-21T10:00:16,428Z [main] persistence.SchemaMigration.doRunMigration - liquibaseSchemaName=PUBLIC {}
[INFO ] 2019-05-21T10:00:16,429Z [main] persistence.SchemaMigration.doRunMigration - outputDefaultSchema=true {}
[INFO ] 2019-05-21T10:00:17,984Z [main] liquibase.info - Reading from PUBLIC.DATABASECHANGELOG {}
[INFO ] 2019-05-21T10:00:18,121Z [main] liquibase.info - Successfully acquired change log lock {}
[INFO ] 2019-05-21T10:00:18,132Z [main] liquibase.info - Successfully released change log lock {}
[INFO ] 2019-05-21T10:00:18,198Z [main] persistence.HibernateConfiguration.<init> - Init HibernateConfiguration for schemas: [DoormanSchemaV1(name=com.r3.corda.networkmanage.shared.persistence.NetworkManagementSchemaServices, version=1)] {}
[INFO ] 2019-05-21T10:00:18,202Z [main] persistence.HibernateConfiguration.makeSessionFactoryForSchemas - Creating session factory for schemas: [DoormanSchemaV1(name=com.r3.corda.networkmanage.shared.persistence.NetworkManagementSchemaServices, version=1)] {}
[INFO ] 2019-05-21T10:00:18,282Z [main] hibernate.Version.logVersion - HHH000412: Hibernate Core {[WORKING]} {}
[INFO ] 2019-05-21T10:00:18,284Z [main] cfg.Environment.<clinit> - HHH000206: hibernate.properties not found {}
[INFO ] 2019-05-21T10:00:18,415Z [main] common.Version.<clinit> - HCANN000001: Hibernate Commons Annotations {5.0.4.Final} {}
[INFO ] 2019-05-21T10:00:18,543Z [main] internal.ConnectionProviderInitiator.initiateService - HHH000130: Instantiating explicit connection provider: net.corda.nodeapi.internal.persistence.HibernateConfiguration$NodeDatabaseConnectionProvider {}
[INFO ] 2019-05-21T10:00:18,581Z [main] dialect.Dialect.<init> - HHH000400: Using dialect: org.hibernate.dialect.H2Dialect {}
[INFO ] 2019-05-21T10:00:18,712Z [main] internal.EnversServiceImpl.configure - Envers integration enabled? : true {}
[INFO ] 2019-05-21T10:00:18,717Z [main] type.BasicTypeRegistry.register - HHH000270: Type registration [materialized_blob] overrides previous : org.hibernate.type.MaterializedBlobType@4b8137c5 {}
[INFO ] 2019-05-21T10:00:21,402Z [main] persistence.HibernateConfiguration.makeSessionFactoryForSchemas - Created session factory for schemas: [DoormanSchemaV1(name=com.r3.corda.networkmanage.shared.persistence.NetworkManagementSchemaServices, version=1)] {}
[INFO ] 2019-05-21T10:00:21,512Z [main] migration.MigrationManager.validate - Current migration status: DB Version: 0.3, Expected Version: 0.3 {}
[INFO ] 2019-05-21T10:00:21,516Z [main] doorman.NetworkManagementServer.getDoormanService - Starting Doorman web service with minimum platform version [-1] and newPKIOnly [false]. {}
[INFO ] 2019-05-21T10:00:21,527Z [main] doorman.NetworkManagementServer.getDoormanService - Starting Doorman socket server on port 10001. {}
[INFO ] 2019-05-21T10:00:21,528Z [main] Netty Server[10001].start - Starting listening service on port:10001 ssl:disabled {}
[INFO ] 2019-05-21T10:00:21,769Z [main] Netty Server[10001].start - Server listening on port 10001 ssl:disabled {}
[WARN ] 2019-05-21T10:00:21,779Z [main] doorman.NetworkManagementServer.getDoormanService - Certificate signing request service is running without any workflow plugin. {}
[INFO ] 2019-05-21T10:00:22,114Z [main] common.utils.validated - Constructed signing certificate chain of length 3: [CN=Corda Doorman Certificate,OU=Corda,O=Example HoldCo LLC,L=New York,C=US]->[CN=Corda Subordinate Certificate,OU=Corda,O=Example HoldCo LLC,L=New York,C=US]->[CN=Corda Root Certificate,OU=Corda,O=Example HoldCo LLC,L=New York,C=US] {}
[INFO ] 2019-05-21T10:00:22,189Z [main] util.log.initialized - Logging initialized @10119ms to org.eclipse.jetty.util.log.Slf4jLog {}
[INFO ] 2019-05-21T10:00:22,356Z [pool-2-thread-1] internal.QueryTranslatorFactoryInitiator.initiateService - HHH000397: Using ASTQueryTranslatorFactory {}
[INFO ] 2019-05-21T10:00:22,457Z [main] doorman.NetworkManagementWebServer.start - Starting network management web services... {}
[INFO ] 2019-05-21T10:00:22,463Z [main] server.Server.doStart - jetty-9.4.z-SNAPSHOT {}
[INFO ] 2019-05-21T10:00:23,284Z [main] handler.ContextHandler.doStart - Started o.e.j.s.ServletContextHandler@3a66d97e{/,null,AVAILABLE} {}
[INFO ] 2019-05-21T10:00:23,294Z [main] server.AbstractConnector.doStart - Started ServerConnector@74faf450{HTTP/1.1,[http/1.1]}{0.0.0.0:10000} {}
[INFO ] 2019-05-21T10:00:23,296Z [main] server.Server.doStart - Started @11226ms {}
[INFO ] 2019-05-21T10:00:23,299Z [main] ConsolePrint.start - Network management web services started on 0.0.0.0:10000 with [RegistrationWebService, MonitoringWebService] {}
