[INFO ] 2019-09-16T11:41:31,516Z [main] doorman.RunEZMCommand.executeCommand - Starting Network Services... {}
[INFO ] 2019-09-16T11:41:31,590Z [main] common.utils.invoke - {
    # ./persistent/doorman.conf: 1
    "address" : "0.0.0.0:10000",
    # ./persistent/doorman.conf: 3
    "certificatesStoreFile" : "persistent/certificateStore.jks",
    # ./persistent/doorman.conf: 4
    "certificatesStorePassword" : "example-password",
    # ./persistent/doorman.conf: 6
    "dataSourceProperties" : {
        # ./persistent/doorman.conf: 10
        "dataSource.password" : "example-password",
        # ./persistent/doorman.conf: 8
        "dataSource.url" : "jdbc:h2:file:./persistent/doorman-persistence;DB_CLOSE_ON_EXIT=FALSE;LOCK_TIMEOUT=10000;WRITE_DELAY=0;AUTO_SERVER_PORT=0",
        # ./persistent/doorman.conf: 9
        "dataSource.user" : "example-user",
        # ./persistent/doorman.conf: 7
        "dataSourceClassName" : "org.h2.jdbcx.JdbcDataSource"
    },
    # ./persistent/doorman.conf: 13
    "database" : {
        # ./persistent/doorman.conf: 14
        "runMigration" : true
    },
    # ./persistent/doorman.conf: 17
    "doorman" : {
        # ./persistent/doorman.conf: 19
        "approveAll" : true,
        # ./persistent/doorman.conf: 31
        "ezmListener" : {
            # ./persistent/doorman.conf: 32
            "port" : 10001
        },
        # ./persistent/doorman.conf: 21
        "localSigner" : {
            # ./persistent/doorman.conf: 27
            "keyAlias" : "cordadoormanca",
            # ./persistent/doorman.conf: 26
            "keyPassword" : "example-password",
            # ./persistent/doorman.conf: 22
            "keyStore" : {
                # ./persistent/doorman.conf: 23
                "file" : "persistent/caKeyStore.jks",
                # ./persistent/doorman.conf: 24
                "password" : "example-password"
            },
            # ./persistent/doorman.conf: 28
            "signInterval" : 15000
        },
        # ./persistent/doorman.conf: 18
        "updateInterval" : 15000
    }
}
 {}
[INFO ] 2019-09-16T11:41:32,230Z [main] hikari.HikariDataSource.<init> - HikariPool-1 - Started. {}
[INFO ] 2019-09-16T11:41:35,982Z [main] persistence.SchemaMigration.doRunMigration - defaultSchemaName=PUBLIC {}
[INFO ] 2019-09-16T11:41:35,984Z [main] persistence.SchemaMigration.doRunMigration - liquibaseSchemaName=PUBLIC {}
[INFO ] 2019-09-16T11:41:35,985Z [main] persistence.SchemaMigration.doRunMigration - outputDefaultSchema=true {}
[INFO ] 2019-09-16T11:41:38,466Z [main] liquibase.info - Reading from PUBLIC.DATABASECHANGELOG {}
[INFO ] 2019-09-16T11:41:38,624Z [main] liquibase.info - Successfully acquired change log lock {}
[INFO ] 2019-09-16T11:41:38,644Z [main] liquibase.info - Successfully released change log lock {}
[INFO ] 2019-09-16T11:41:38,777Z [main] persistence.HibernateConfiguration.<init> - Init HibernateConfiguration for schemas: [DoormanSchemaV1(name=com.r3.corda.networkmanage.shared.persistence.NetworkManagementSchemaServices, version=1)] {}
[INFO ] 2019-09-16T11:41:38,782Z [main] persistence.HibernateConfiguration.makeSessionFactoryForSchemas - Creating session factory for schemas: [DoormanSchemaV1(name=com.r3.corda.networkmanage.shared.persistence.NetworkManagementSchemaServices, version=1)] {}
[INFO ] 2019-09-16T11:41:38,945Z [main] hibernate.Version.logVersion - HHH000412: Hibernate Core {[WORKING]} {}
[INFO ] 2019-09-16T11:41:38,948Z [main] cfg.Environment.<clinit> - HHH000206: hibernate.properties not found {}
[INFO ] 2019-09-16T11:41:39,120Z [main] common.Version.<clinit> - HCANN000001: Hibernate Commons Annotations {5.0.4.Final} {}
[INFO ] 2019-09-16T11:41:39,243Z [main] internal.ConnectionProviderInitiator.initiateService - HHH000130: Instantiating explicit connection provider: net.corda.nodeapi.internal.persistence.HibernateConfiguration$NodeDatabaseConnectionProvider {}
[INFO ] 2019-09-16T11:41:39,293Z [main] dialect.Dialect.<init> - HHH000400: Using dialect: org.hibernate.dialect.H2Dialect {}
[INFO ] 2019-09-16T11:41:39,414Z [main] internal.EnversServiceImpl.configure - Envers integration enabled? : true {}
[INFO ] 2019-09-16T11:41:39,431Z [main] type.BasicTypeRegistry.register - HHH000270: Type registration [materialized_blob] overrides previous : org.hibernate.type.MaterializedBlobType@4b8137c5 {}
[INFO ] 2019-09-16T11:41:43,879Z [main] persistence.HibernateConfiguration.makeSessionFactoryForSchemas - Created session factory for schemas: [DoormanSchemaV1(name=com.r3.corda.networkmanage.shared.persistence.NetworkManagementSchemaServices, version=1)] {}
[INFO ] 2019-09-16T11:41:44,116Z [main] migration.MigrationManager.validate - Current migration status: DB Version: 0.3, Expected Version: 0.3 {}
[INFO ] 2019-09-16T11:41:44,123Z [main] doorman.NetworkManagementServer.getDoormanService - Starting Doorman web service with minimum platform version [-1] and newPKIOnly [false]. {}
[INFO ] 2019-09-16T11:41:44,142Z [main] doorman.NetworkManagementServer.getDoormanService - Starting Doorman socket server on port 10001. {}
[INFO ] 2019-09-16T11:41:44,145Z [main] Netty Server[10001].start - Starting listening service on port:10001 ssl:disabled {}
[INFO ] 2019-09-16T11:41:44,648Z [main] Netty Server[10001].start - Server listening on port 10001 ssl:disabled {}
[WARN ] 2019-09-16T11:41:44,650Z [main] doorman.NetworkManagementServer.getDoormanService - Certificate signing request service is running without any workflow plugin. {}
[INFO ] 2019-09-16T11:41:44,957Z [main] common.utils.validated - Constructed signing certificate chain of length 3: [CN=Corda Doorman Certificate,OU=Corda,O=Example HoldCo LLC,L=New York,C=US]->[CN=Corda Subordinate Certificate,OU=Corda,O=Example HoldCo LLC,L=New York,C=US]->[CN=Corda Root Certificate,OU=Corda,O=Example HoldCo LLC,L=New York,C=US] {}
[INFO ] 2019-09-16T11:41:45,147Z [main] util.log.initialized - Logging initialized @15257ms to org.eclipse.jetty.util.log.Slf4jLog {}
[INFO ] 2019-09-16T11:41:45,329Z [pool-2-thread-1] internal.QueryTranslatorFactoryInitiator.initiateService - HHH000397: Using ASTQueryTranslatorFactory {}
[INFO ] 2019-09-16T11:41:45,367Z [main] doorman.NetworkManagementWebServer.start - Starting network management web services... {}
[INFO ] 2019-09-16T11:41:45,371Z [main] server.Server.doStart - jetty-9.4.z-SNAPSHOT {}
[INFO ] 2019-09-16T11:41:47,262Z [main] handler.ContextHandler.doStart - Started o.e.j.s.ServletContextHandler@2f9236d8{/,null,AVAILABLE} {}
[INFO ] 2019-09-16T11:41:47,275Z [main] server.AbstractConnector.doStart - Started ServerConnector@244f356{HTTP/1.1,[http/1.1]}{0.0.0.0:10000} {}
[INFO ] 2019-09-16T11:41:47,277Z [main] server.Server.doStart - Started @17392ms {}
[INFO ] 2019-09-16T11:41:47,281Z [main] ConsolePrint.start - Network management web services started on 0.0.0.0:10000 with [RegistrationWebService, MonitoringWebService] {}
