[INFO ] 2019-05-21T10:00:21,959Z [pool-2-thread-1] Signer.signNetworkMaps - Started signing of the network map {}
[INFO ] 2019-05-21T10:00:22,473Z [pool-2-thread-1] Signer.maybeSignNetworkMap - Current network map for network 'Public Network' is up-to-date {}
[INFO ] 2019-05-21T10:00:22,485Z [pool-2-thread-1] Signer.signNetworkMaps - End of network map signing {}
[INFO ] 2019-05-21T10:00:36,965Z [pool-2-thread-1] Signer.signNetworkMaps - Started signing of the network map {}
[INFO ] 2019-05-21T10:00:37,081Z [pool-2-thread-1] Signer.maybeSignNetworkMap - Current network map for network 'Public Network' is up-to-date {}
[INFO ] 2019-05-21T10:00:37,084Z [pool-2-thread-1] Signer.signNetworkMaps - End of network map signing {}
[INFO ] 2019-05-21T10:00:51,965Z [pool-2-thread-1] Signer.signNetworkMaps - Started signing of the network map {}
[INFO ] 2019-05-21T10:00:52,160Z [pool-2-thread-1] Signer.maybeSignNetworkMap - Signed new network map for network 'Public Network' {}
[INFO ] 2019-05-21T10:00:52,220Z [pool-2-thread-1] Signer.maybeSignNetworkMap - Persisted new network map for network 'Public Network' : NetworkMap {
  nodeInfoHashes {
    08918B23B16D86EF01A5BD1E04343CD1F71899A3D7A11A5DAA692131E96FB4EE
    61B032A1B6ADFB3F83182BDF0515855011F8BD3819B31C16F1C2C638044D75EC
    11077F6EC090D56C3DB8A5F54F49E29EA0A9B5EAA51BE2471221891B2DC5C287
    
  }
  networkParameterHash=C0C178AB56FC6BA33F7DAC809C8168D7A86A325A3C57767FF87DF4C4C1E7F051
  parametersUpdate=null
} {}
[INFO ] 2019-05-21T10:00:52,220Z [pool-2-thread-1] Signer.signNetworkMaps - End of network map signing {}
[INFO ] 2019-05-21T10:01:06,966Z [pool-2-thread-1] Signer.signNetworkMaps - Started signing of the network map {}
[INFO ] 2019-05-21T10:01:07,021Z [pool-2-thread-1] Signer.maybeSignNetworkMap - Signed new network map for network 'Public Network' {}
[INFO ] 2019-05-21T10:01:07,039Z [pool-2-thread-1] Signer.maybeSignNetworkMap - Persisted new network map for network 'Public Network' : NetworkMap {
  nodeInfoHashes {
    11077F6EC090D56C3DB8A5F54F49E29EA0A9B5EAA51BE2471221891B2DC5C287
    08918B23B16D86EF01A5BD1E04343CD1F71899A3D7A11A5DAA692131E96FB4EE
    61B032A1B6ADFB3F83182BDF0515855011F8BD3819B31C16F1C2C638044D75EC
    
  }
  networkParameterHash=C0C178AB56FC6BA33F7DAC809C8168D7A86A325A3C57767FF87DF4C4C1E7F051
  parametersUpdate=null
} {}
[INFO ] 2019-05-21T10:01:07,040Z [pool-2-thread-1] Signer.signNetworkMaps - End of network map signing {}
[INFO ] 2019-05-21T10:01:21,966Z [pool-2-thread-1] Signer.signNetworkMaps - Started signing of the network map {}
[INFO ] 2019-05-21T10:01:22,012Z [pool-2-thread-1] Signer.maybeSignNetworkMap - Signed new network map for network 'Public Network' {}
[INFO ] 2019-05-21T10:01:22,031Z [pool-2-thread-1] Signer.maybeSignNetworkMap - Persisted new network map for network 'Public Network' : NetworkMap {
  nodeInfoHashes {
    08918B23B16D86EF01A5BD1E04343CD1F71899A3D7A11A5DAA692131E96FB4EE
    61B032A1B6ADFB3F83182BDF0515855011F8BD3819B31C16F1C2C638044D75EC
    11077F6EC090D56C3DB8A5F54F49E29EA0A9B5EAA51BE2471221891B2DC5C287
    
  }
  networkParameterHash=C0C178AB56FC6BA33F7DAC809C8168D7A86A325A3C57767FF87DF4C4C1E7F051
  parametersUpdate=null
} {}
[INFO ] 2019-05-21T10:01:22,032Z [pool-2-thread-1] Signer.signNetworkMaps - End of network map signing {}
[INFO ] 2019-05-21T10:01:36,967Z [pool-2-thread-1] Signer.signNetworkMaps - Started signing of the network map {}
[INFO ] 2019-05-21T10:01:37,005Z [pool-2-thread-1] Signer.maybeSignNetworkMap - Current network map for network 'Public Network' is up-to-date {}
[INFO ] 2019-05-21T10:01:37,005Z [pool-2-thread-1] Signer.signNetworkMaps - End of network map signing {}
[INFO ] 2019-05-21T10:01:51,967Z [pool-2-thread-1] Signer.signNetworkMaps - Started signing of the network map {}
[INFO ] 2019-05-21T10:01:52,006Z [pool-2-thread-1] Signer.maybeSignNetworkMap - Current network map for network 'Public Network' is up-to-date {}
[INFO ] 2019-05-21T10:01:52,007Z [pool-2-thread-1] Signer.signNetworkMaps - End of network map signing {}
[INFO ] 2019-05-21T10:02:06,968Z [pool-2-thread-1] Signer.signNetworkMaps - Started signing of the network map {}
[INFO ] 2019-05-21T10:02:07,003Z [pool-2-thread-1] Signer.maybeSignNetworkMap - Current network map for network 'Public Network' is up-to-date {}
[INFO ] 2019-05-21T10:02:07,004Z [pool-2-thread-1] Signer.signNetworkMaps - End of network map signing {}
[INFO ] 2019-05-21T10:02:21,968Z [pool-2-thread-1] Signer.signNetworkMaps - Started signing of the network map {}
[INFO ] 2019-05-21T10:02:22,019Z [pool-2-thread-1] Signer.maybeSignNetworkMap - Current network map for network 'Public Network' is up-to-date {}
[INFO ] 2019-05-21T10:02:22,020Z [pool-2-thread-1] Signer.signNetworkMaps - End of network map signing {}
[INFO ] 2019-05-21T10:02:36,968Z [pool-2-thread-1] Signer.signNetworkMaps - Started signing of the network map {}
[INFO ] 2019-05-21T10:02:37,016Z [pool-2-thread-1] Signer.maybeSignNetworkMap - Current network map for network 'Public Network' is up-to-date {}
[INFO ] 2019-05-21T10:02:37,017Z [pool-2-thread-1] Signer.signNetworkMaps - End of network map signing {}
[INFO ] 2019-05-21T10:02:51,968Z [pool-2-thread-1] Signer.signNetworkMaps - Started signing of the network map {}
[INFO ] 2019-05-21T10:02:52,009Z [pool-2-thread-1] Signer.maybeSignNetworkMap - Current network map for network 'Public Network' is up-to-date {}
[INFO ] 2019-05-21T10:02:52,009Z [pool-2-thread-1] Signer.signNetworkMaps - End of network map signing {}
[INFO ] 2019-05-21T10:03:06,969Z [pool-2-thread-1] Signer.signNetworkMaps - Started signing of the network map {}
[INFO ] 2019-05-21T10:03:07,012Z [pool-2-thread-1] Signer.maybeSignNetworkMap - Current network map for network 'Public Network' is up-to-date {}
[INFO ] 2019-05-21T10:03:07,012Z [pool-2-thread-1] Signer.signNetworkMaps - End of network map signing {}
