[INFO ] 2019-05-21T09:58:54,634Z [pool-2-thread-1] Signer.signNetworkMaps - Started signing of the network map {}
[INFO ] 2019-05-21T09:58:54,913Z [pool-2-thread-1] Signer.signAndPersistNetworkParameters - Signed network parameters: NetworkParameters {
      minimumPlatformVersion=3
      notaries=[NotaryInfo(identity=O=Notary, L=London, C=GB, validating=false)]
      maxMessageSize=10485760
      maxTransactionSize=10485760
      whitelistedContractImplementations {
        
      }
      eventHorizon=PT720H
      packageOwnership {
        
      }
      modifiedTime=2019-05-21T09:55:15.577Z
      epoch=1
  } {}
[INFO ] 2019-05-21T09:58:54,914Z [pool-2-thread-1] Signer.maybeSignNetworkMap - There is currently no network map for network 'Public Network' {}
[INFO ] 2019-05-21T09:58:54,959Z [pool-2-thread-1] Signer.maybeSignNetworkMap - Signed new network map for network 'Public Network' {}
[INFO ] 2019-05-21T09:58:54,998Z [pool-2-thread-1] Signer.maybeSignNetworkMap - Persisted new network map for network 'Public Network' : NetworkMap {
  nodeInfoHashes {
    
    
  }
  networkParameterHash=C0C178AB56FC6BA33F7DAC809C8168D7A86A325A3C57767FF87DF4C4C1E7F051
  parametersUpdate=null
} {}
[INFO ] 2019-05-21T09:58:55,000Z [pool-2-thread-1] Signer.signNetworkMaps - End of network map signing {}
[INFO ] 2019-05-21T09:59:09,635Z [pool-2-thread-1] Signer.signNetworkMaps - Started signing of the network map {}
[INFO ] 2019-05-21T09:59:09,677Z [pool-2-thread-1] Signer.maybeSignNetworkMap - Current network map for network 'Public Network' is up-to-date {}
[INFO ] 2019-05-21T09:59:09,678Z [pool-2-thread-1] Signer.signNetworkMaps - End of network map signing {}
