[INFO ] 2019-05-21T10:00:25,276Z [main] cliutils.CordaCliWrapper.call - Application Args: --base-directory ./workspace {}
[INFO ] 2019-05-21T10:00:26,639Z [main] manifests.Manifests.info - 121 attributes loaded from 186 stream(s) in 242ms, 121 saved, 2892 ignored: ["ActiveMQ-Version", "Agent-Class", "Ant-Version", "Application-Class", "Application-ID", "Application-Library-Allowable-Codebase", "Application-Name", "Application-Version", "Apr-Version", "Archiver-Version", "Automatic-Module-Name", "Bnd-LastModified", "BoringSSL-Branch", "BoringSSL-Revision", "Branch", "Build-Date", "Build-Host", "Build-Id", "Build-Java-Version", "Build-Jdk", "Build-Job", "Build-Number", "Build-Tag", "Build-Timestamp", "Built-By", "Built-OS", "Built-Status", "Bundle-Activator", "Bundle-Category", "Bundle-ClassPath", "Bundle-Description", "Bundle-DocURL", "Bundle-License", "Bundle-ManifestVersion", "Bundle-Name", "Bundle-NativeCode", "Bundle-RequiredExecutionEnvironment", "Bundle-SymbolicName", "Bundle-Vendor", "Bundle-Version", "Caller-Allowable-Codebase", "Can-Redefine-Classes", "Can-Retransform-Classes", "Can-Set-Native-Method-Prefix", "Caplets", "Change", "Class-Path", "Codebase", "Corda-Platform-Version", "Corda-Release-Version", "Corda-Revision", "Corda-Vendor", "Created-By", "DynamicImport-Package", "Eclipse-BuddyPolicy", "Eclipse-LazyStart", "Export-Package", "Extension-Name", "Fragment-Host", "Gradle-Version", "Hibernate-JpaVersion", "Hibernate-VersionFamily", "Implementation-Build", "Implementation-Build-Date", "Implementation-Title", "Implementation-URL", "Implementation-Url", "Implementation-Vendor", "Implementation-Vendor-Id", "Implementation-Version", "Import-Package", "Include-Resource", "JCabi-Build", "JCabi-Date", "JCabi-Version", "JVM-Args", "Java-Agents", "Java-Vendor", "Java-Version", "Kotlin-Runtime-Component", "Kotlin-Version", "Liquibase-Package", "Log4jReleaseKey", "Log4jReleaseManager", "Log4jReleaseVersion", "Main-Class", "Main-class", "Manifest-Version", "Min-Java-Version", "Min-Update-Version", "Module-Email", "Module-Origin", "Module-Owner", "Module-Source", "Multi-Release", "Originally-Created-By", "Os-Arch", "Os-Name", "Os-Version", "Package", "Permissions", "Premain-Class", "Private-Package", "Probe-Provider-XML-File-Names", "Provide-Capability", "Require-Capability", "SCM-Revision", "SCM-url", "Scm-Connection", "Scm-Revision", "Scm-Url", "Service-Component", "Specification-Title", "Specification-Vendor", "Specification-Version", "System-Properties", "Time-Zone-Database-Version", "Tool", "Trusted-Library", "X-Compile-Source-JDK", "X-Compile-Target-JDK"] {}
[INFO ] 2019-05-21T10:00:26,667Z [main] BasicInfo.printBasicNodeInfo - Logs can be found in                    : /opt/corda/party/workspace/logs {}
[INFO ] 2019-05-21T10:00:27,693Z [main] subcommands.ValidateConfigurationCli.logRawConfig$node - Actual configuration:
{
    "additionalNodeInfoPollingFrequencyMsec" : 5000,
    "additionalP2PAddresses" : [],
    "attachmentCacheBound" : 1024,
    "baseDirectory" : "/opt/corda/party/workspace",
    "certificateChainCheckPolicies" : [],
    "cordappSignerKeyFingerprintBlacklist" : [
        "56CA54E803CB87C8472EBD3FBC6A2F1876E814CEEBF74860BD46997F40729367",
        "83088052AF16700457AE2C978A7D8AC38DD6A7C713539D00B897CD03A5E5D31D",
        "6F6696296C3F58B55FB6CA865A025A3A6CC27AD17C4AFABA1E8EF062E0A82739"
    ],
    "crlCheckSoftFail" : true,
    "custom" : {
        "nodeOrganizationName" : "workspace"
    },
    "dataSourceProperties" : "*****",
    "database" : {
        "exportHibernateJMXStatistics" : false,
        "initialiseAppSchema" : "UPDATE",
        "initialiseSchema" : true,
        "mappedSchemaCacheSize" : 100,
        "runMigration" : false,
        "transactionIsolationLevel" : "REPEATABLE_READ"
    },
    "detectPublicIp" : false,
    "devMode" : false,
    "emailAddress" : "admin@company.com",
    "enableSNI" : true,
    "enterpriseConfiguration" : {
        "enableCacheTracing" : false,
        "messagingServerBackupAddresses" : [],
        "messagingServerConnectionConfiguration" : "DEFAULT",
        "mutualExclusionConfiguration" : {
            "machineName" : "corda-partya-deployment-67ccfc8c7c-2kcj9",
            "on" : false,
            "updateInterval" : 20000,
            "waitInterval" : 40000
        },
        "traceTargetDirectory" : "/opt/corda/party/workspace/logs/traces",
        "tuning" : {
            "brokerConnectionTtlCheckIntervalMs" : 20,
            "flowThreadPoolSize" : 2,
            "maximumMessagingBatchSize" : 256,
            "p2pConfirmationWindowSize" : 1048576,
            "rpcThreadPoolSize" : 1
        },
        "useMultiThreadedSMM" : true
    },
    "extraNetworkMapKeys" : [],
    "flowMonitorPeriodMillis" : {
        "nanos" : 0,
        "seconds" : 60
    },
    "flowMonitorSuspensionLoggingThresholdMillis" : {
        "nanos" : 0,
        "seconds" : 60
    },
    "flowTimeout" : {
        "backoffBase" : 1.8,
        "maxRestartCount" : 6,
        "timeout" : {
            "nanos" : 0,
            "seconds" : 30
        }
    },
    "jarDirs" : [],
    "jmxReporterType" : "JOLOKIA",
    "keyStorePassword" : "*****",
    "lazyBridgeStart" : true,
    "myLegalName" : "O=PartyA,L=London,C=GB",
    "networkServices" : {
        "doormanURL" : "http://enm-doorman-service:10000",
        "inferred" : false,
        "networkMapURL" : "http://enm-netmap-service:20000"
    },
    "noLocalShell" : false,
    "p2pAddress" : "corda-partya-service:40000",
    "rpcSettings" : {
        "address" : "localhost:30004",
        "adminAddress" : "localhost:30005",
        "standAloneBroker" : false,
        "useSsl" : false
    },
    "rpcUsers" : [
        {
            "ignoresFallbacks" : false,
            "resolved" : true,
            "value" : {
                "loadFactor" : 0.75,
                "modCount" : 3,
                "size" : 3,
                "table" : {},
                "threshold" : 3
            }
        }
    ],
    "sshd" : {
        "port" : 2223
    },
    "trustStorePassword" : "*****",
    "useOpenSsl" : false,
    "useTestClock" : false,
    "verifierType" : "InMemory"
}
 {}
[INFO ] 2019-05-21T10:00:27,711Z [main] internal.Node.logStartupInfo - Vendor: Corda Enterprise Edition {}
[INFO ] 2019-05-21T10:00:27,712Z [main] internal.Node.logStartupInfo - Release: 4.0 {}
[INFO ] 2019-05-21T10:00:27,712Z [main] internal.Node.logStartupInfo - Platform Version: 4 {}
[INFO ] 2019-05-21T10:00:27,712Z [main] internal.Node.logStartupInfo - Revision: 8dcaeefb4465455287213a9c29b2d09df1a75409 {}
[INFO ] 2019-05-21T10:00:27,712Z [main] internal.Node.logStartupInfo - PID: 22 {}
[INFO ] 2019-05-21T10:00:27,712Z [main] internal.Node.logStartupInfo - Main class: /home/corda/.capsule/apps/net.corda.node.CordaEnterprise_4.0/corda-node-4.0.jar {}
[INFO ] 2019-05-21T10:00:27,712Z [main] internal.Node.logStartupInfo - CommandLine Args: -Xmx512m -XX:+UseG1GC -javaagent:/home/corda/.capsule/apps/net.corda.node.CordaEnterprise_4.0/quasar-core-0.7.11_r3-jdk8.jar=x(antlr**;bftsmart**;co.paralleluniverse**;com.codahale**;com.esotericsoftware**;com.fasterxml**;com.google**;com.ibm**;com.intellij**;com.jcabi**;com.nhaarman**;com.opengamma**;com.typesafe**;com.zaxxer**;de.javakaffee**;groovy**;groovyjarjarantlr**;groovyjarjarasm**;io.atomix**;io.github**;io.netty**;jdk**;junit**;kotlin**;net.bytebuddy**;net.i2p**;org.apache**;org.assertj**;org.bouncycastle**;org.codehaus**;org.crsh**;org.dom4j**;org.fusesource**;org.h2**;org.hamcrest**;org.hibernate**;org.jboss**;org.jcp**;org.joda**;org.junit**;org.mockito**;org.objectweb**;org.objenesis**;org.slf4j**;org.w3c**;org.xml**;org.yaml**;reflectasm**;rx**;org.jolokia**;com.lmax**;picocli**;liquibase**;com.github.benmanes**;org.json**;org.postgresql**;nonapi.io.github.classgraph**) -Dvisualvm.display.name=CordaEnterprise -Djava.library.path=/usr/lib/jvm/java-1.8-openjdk/jre/lib/amd64/server:/usr/lib/jvm/java-1.8-openjdk/jre/lib/amd64:/usr/lib/jvm/java-1.8-openjdk/jre/../lib/amd64:/usr/java/packages/lib/amd64:/usr/lib64:/lib64:/lib:/usr/lib:/home/corda/.capsule/apps/net.corda.node.CordaEnterprise_4.0 -Dcapsule.app=net.corda.node.CordaEnterprise_4.0 -Dcapsule.dir=/home/corda/.capsule/apps/net.corda.node.CordaEnterprise_4.0 -Dcapsule.jar=/opt/corda/party/corda.jar {}
[INFO ] 2019-05-21T10:00:27,712Z [main] internal.Node.logStartupInfo - bootclasspath: /usr/lib/jvm/java-1.8-openjdk/jre/lib/resources.jar:/usr/lib/jvm/java-1.8-openjdk/jre/lib/rt.jar:/usr/lib/jvm/java-1.8-openjdk/jre/lib/sunrsasign.jar:/usr/lib/jvm/java-1.8-openjdk/jre/lib/jsse.jar:/usr/lib/jvm/java-1.8-openjdk/jre/lib/jce.jar:/usr/lib/jvm/java-1.8-openjdk/jre/lib/charsets.jar:/usr/lib/jvm/java-1.8-openjdk/jre/lib/jfr.jar:/usr/lib/jvm/java-1.8-openjdk/jre/classes {}
[INFO ] 2019-05-21T10:00:27,713Z [main] internal.Node.logStartupInfo - classpath: /opt/corda/party/corda.jar:/home/corda/.capsule/apps/net.corda.node.CordaEnterprise_4.0/corda-shell-4.0.jar:/home/corda/.capsule/apps/net.corda.node.CordaEnterprise_4.0/corda-rpc-4.0.jar:/home/corda/.capsule/apps/net.corda.node.CordaEnterprise_4.0/corda-node-api-4.0.jar:/home/corda/.capsule/apps/net.corda.node.CordaEnterprise_4.0/corda-tools-cliutils-4.0.jar:/home/corda/.capsule/apps/net.corda.node.CordaEnterprise_4.0/corda-common-configuration-parsing-4.0.jar:/home/corda/.capsule/apps/net.corda.node.CordaEnterprise_4.0/corda-common-validation-4.0.jar:/home/corda/.capsule/apps/net.corda.node.CordaEnterprise_4.0/corda-confidential-identities-4.0.jar:/home/corda/.capsule/apps/net.corda.node.CordaEnterprise_4.0/log4j-slf4j-impl-2.9.1.jar:/home/corda/.capsule/apps/net.corda.node.CordaEnterprise_4.0/log4j-web-2.9.1.jar:/home/corda/.capsule/apps/net.corda.node.CordaEnterprise_4.0/jul-to-slf4j-1.7.25.jar:/home/corda/.capsule/apps/net.corda.node.CordaEnterprise_4.0/corda-jackson-4.0.jar:/home/corda/.capsule/apps/net.corda.node.CordaEnterprise_4.0/corda-serialization-4.0.jar:/home/corda/.capsule/apps/net.corda.node.CordaEnterprise_4.0/corda-core-4.0.jar:/home/corda/.capsule/apps/net.corda.node.CordaEnterprise_4.0/kotlin-stdlib-jdk8-1.2.71.jar:/home/corda/.capsule/apps/net.corda.node.CordaEnterprise_4.0/jackson-module-kotlin-2.9.5.jar:/home/corda/.capsule/apps/net.corda.node.CordaEnterprise_4.0/kotlin-reflect-1.2.71.jar:/home/corda/.capsule/apps/net.corda.node.CordaEnterprise_4.0/quasar-core-0.7.11_r3-jdk8.jar:/home/corda/.capsule/apps/net.corda.node.CordaEnterprise_4.0/kryo-serializers-0.42.jar:/home/corda/.capsule/apps/net.corda.node.CordaEnterprise_4.0/kryo-4.0.0.jar:/home/corda/.capsule/apps/net.corda.node.CordaEnterprise_4.0/jimfs-1.1.jar:/home/corda/.capsule/apps/net.corda.node.CordaEnterprise_4.0/metrics-new-relic-1.1.1.jar:/home/corda/.capsule/apps/net.corda.node.CordaEnterprise_4.0/azure-keyvault-1.1.1.jar:/home/corda/.capsule/apps/net.corda.node.CordaEnterprise_4.0/azure-keyvault-cryptography-1.1.1.jar:/home/corda/.capsule/apps/net.corda.node.CordaEnterprise_4.0/azure-keyvault-webkey-1.1.1.jar:/home/corda/.capsule/apps/net.corda.node.CordaEnterprise_4.0/azure-client-runtime-1.3.0.jar:/home/corda/.capsule/apps/net.corda.node.CordaEnterprise_4.0/client-runtime-1.6.1.jar:/home/corda/.capsule/apps/net.corda.node.CordaEnterprise_4.0/azure-keyvault-core-1.1.1.jar:/home/corda/.capsule/apps/net.corda.node.CordaEnterprise_4.0/guava-25.1-jre.jar:/home/corda/.capsule/apps/net.corda.node.CordaEnterprise_4.0/caffeine-2.7.0-r3-fifty.jar:/home/corda/.capsule/apps/net.corda.node.CordaEnterprise_4.0/disruptor-3.4.2.jar:/home/corda/.capsule/apps/net.corda.node.CordaEnterprise_4.0/commons-collections4-4.1.jar:/home/corda/.capsule/apps/net.corda.node.CordaEnterprise_4.0/artemis-amqp-protocol-2.6.2.jar:/home/corda/.capsule/apps/net.corda.node.CordaEnterprise_4.0/artemis-server-2.6.2.jar:/home/corda/.capsule/apps/net.corda.node.CordaEnterprise_4.0/artemis-jms-client-2.6.2.jar:/home/corda/.capsule/apps/net.corda.node.CordaEnterprise_4.0/artemis-jdbc-store-2.6.2.jar:/home/corda/.capsule/apps/net.corda.node.CordaEnterprise_4.0/artemis-core-client-2.6.2.jar:/home/corda/.capsule/apps/net.corda.node.CordaEnterprise_4.0/artemis-journal-2.6.2.jar:/home/corda/.capsule/apps/net.corda.node.CordaEnterprise_4.0/artemis-commons-2.6.2.jar:/home/corda/.capsule/apps/net.corda.node.CordaEnterprise_4.0/shiro-core-1.4.0.jar:/home/corda/.capsule/apps/net.corda.node.CordaEnterprise_4.0/shiro-config-ogdl-1.4.0.jar:/home/corda/.capsule/apps/net.corda.node.CordaEnterprise_4.0/commons-beanutils-1.9.3.jar:/home/corda/.capsule/apps/net.corda.node.CordaEnterprise_4.0/jcabi-manifests-1.1.jar:/home/corda/.capsule/apps/net.corda.node.CordaEnterprise_4.0/forms_rt-7.0.3.jar:/home/corda/.capsule/apps/net.corda.node.CordaEnterprise_4.0/metrics-graphite-3.2.5.jar:/home/corda/.capsule/apps/net.corda.node.CordaEnterprise_4.0/metrics-core-3.2.5.jar:/home/corda/.capsule/apps/net.corda.node.CordaEnterprise_4.0/config-1.3.3.jar:/home/corda/.capsule/apps/net.corda.node.CordaEnterprise_4.0/h2-1.4.197.jar:/home/corda/.capsule/apps/net.corda.node.CordaEnterprise_4.0/HikariCP-2.5.1.jar:/home/corda/.capsule/apps/net.corda.node.CordaEnterprise_4.0/hibernate-java8-5.3.6.Final.jar:/home/corda/.capsule/apps/net.corda.node.CordaEnterprise_4.0/hibernate-core-5.3.6.Final.jar:/home/corda/.capsule/apps/net.corda.node.CordaEnterprise_4.0/converter-jackson-2.4.0.jar:/home/corda/.capsule/apps/net.corda.node.CordaEnterprise_4.0/adapter-rxjava-2.4.0.jar:/home/corda/.capsule/apps/net.corda.node.CordaEnterprise_4.0/retrofit-2.4.0.jar:/home/corda/.capsule/apps/net.corda.node.CordaEnterprise_4.0/logging-interceptor-3.11.0.jar:/home/corda/.capsule/apps/net.corda.node.CordaEnterprise_4.0/okhttp-urlconnection-3.11.0.jar:/home/corda/.capsule/apps/net.corda.node.CordaEnterprise_4.0/okhttp-3.11.0.jar:/home/corda/.capsule/apps/net.corda.node.CordaEnterprise_4.0/jsch-0.1.54.jar:/home/corda/.capsule/apps/net.corda.node.CordaEnterprise_4.0/picocli-3.8.0.jar:/home/corda/.capsule/apps/net.corda.node.CordaEnterprise_4.0/ea-agent-loader-1.0.3.jar:/home/corda/.capsule/apps/net.corda.node.CordaEnterprise_4.0/adal4j-1.6.3.jar:/home/corda/.capsule/apps/net.corda.node.CordaEnterprise_4.0/commons-codec-1.11.jar:/home/corda/.capsule/apps/net.corda.node.CordaEnterprise_4.0/library-master-v1.1-beta-g6215ec8-87.jar:/home/corda/.capsule/apps/net.corda.node.CordaEnterprise_4.0/copycat-client-1.2.3.jar:/home/corda/.capsule/apps/net.corda.node.CordaEnterprise_4.0/copycat-server-1.2.3.jar:/home/corda/.capsule/apps/net.corda.node.CordaEnterprise_4.0/catalyst-netty-1.1.2.jar:/home/corda/.capsule/apps/net.corda.node.CordaEnterprise_4.0/mysql-connector-java-6.0.6.jar:/home/corda/.capsule/apps/net.corda.node.CordaEnterprise_4.0/jolokia-jvm-1.6.0-agent.jar:/home/corda/.capsule/apps/net.corda.node.CordaEnterprise_4.0/netty-tcnative-boringssl-static-2.0.14.Final.jar:/home/corda/.capsule/apps/net.corda.node.CordaEnterprise_4.0/kotlin-stdlib-jre8-1.2.71.jar:/home/corda/.capsule/apps/net.corda.node.CordaEnterprise_4.0/netty-handler-proxy-4.1.29.Final.jar:/home/corda/.capsule/apps/net.corda.node.CordaEnterprise_4.0/commons-fileupload-1.3.3.jar:/home/corda/.capsule/apps/net.corda.node.CordaEnterprise_4.0/proton-j-0.27.1.jar:/home/corda/.capsule/apps/net.corda.node.CordaEnterprise_4.0/liquibase-core-3.5.5.jar:/home/corda/.capsule/apps/net.corda.node.CordaEnterprise_4.0/classgraph-4.6.12.jar:/home/corda/.capsule/apps/net.corda.node.CordaEnterprise_4.0/jackson-datatype-jsr310-2.9.5.jar:/home/corda/.capsule/apps/net.corda.node.CordaEnterprise_4.0/jackson-datatype-joda-2.9.4.jar:/home/corda/.capsule/apps/net.corda.node.CordaEnterprise_4.0/jackson-databind-2.9.6.jar:/home/corda/.capsule/apps/net.corda.node.CordaEnterprise_4.0/liquibase-slf4j-2.0.0.jar:/home/corda/.capsule/apps/net.corda.node.CordaEnterprise_4.0/crash.connectors.ssh-cadb53544fbb3c0fb901445da614998a6a419488.jar:/home/corda/.capsule/apps/net.corda.node.CordaEnterprise_4.0/crash.shell-cadb53544fbb3c0fb901445da614998a6a419488.jar:/home/corda/.capsule/apps/net.corda.node.CordaEnterprise_4.0/jansi-1.14.jar:/home/corda/.capsule/apps/net.corda.node.CordaEnterprise_4.0/log4j-core-2.9.1.jar:/home/corda/.capsule/apps/net.corda.node.CordaEnterprise_4.0/commons-io-2.6.jar:/home/corda/.capsule/apps/net.corda.node.CordaEnterprise_4.0/jcabi-log-0.14.jar:/home/corda/.capsule/apps/net.corda.node.CordaEnterprise_4.0/shiro-cache-1.4.0.jar:/home/corda/.capsule/apps/net.corda.node.CordaEnterprise_4.0/shiro-crypto-hash-1.4.0.jar:/home/corda/.capsule/apps/net.corda.node.CordaEnterprise_4.0/shiro-crypto-cipher-1.4.0.jar:/home/corda/.capsule/apps/net.corda.node.CordaEnterprise_4.0/shiro-config-core-1.4.0.jar:/home/corda/.capsule/apps/net.corda.node.CordaEnterprise_4.0/shiro-event-1.4.0.jar:/home/corda/.capsule/apps/net.corda.node.CordaEnterprise_4.0/shiro-crypto-core-1.4.0.jar:/home/corda/.capsule/apps/net.corda.node.CordaEnterprise_4.0/shiro-lang-1.4.0.jar:/home/corda/.capsule/apps/net.corda.node.CordaEnterprise_4.0/copycat-protocol-1.2.3.jar:/home/corda/.capsule/apps/net.corda.node.CordaEnterprise_4.0/catalyst-transport-1.1.2.jar:/home/corda/.capsule/apps/net.corda.node.CordaEnterprise_4.0/jcl-over-slf4j-1.7.25.jar:/home/corda/.capsule/apps/net.corda.node.CordaEnterprise_4.0/mina-core-2.0.16.jar:/home/corda/.capsule/apps/net.corda.node.CordaEnterprise_4.0/catalyst-concurrent-1.1.2.jar:/home/corda/.capsule/apps/net.corda.node.CordaEnterprise_4.0/sshd-pam-0.11.0.jar:/home/corda/.capsule/apps/net.corda.node.CordaEnterprise_4.0/sshd-core-1.6.0.jar:/home/corda/.capsule/apps/net.corda.node.CordaEnterprise_4.0/catalyst-serializer-1.1.2.jar:/home/corda/.capsule/apps/net.corda.node.CordaEnterprise_4.0/catalyst-buffer-1.1.2.jar:/home/corda/.capsule/apps/net.corda.node.CordaEnterprise_4.0/catalyst-common-1.1.2.jar:/home/corda/.capsule/apps/net.corda.node.CordaEnterprise_4.0/slf4j-api-1.7.25.jar:/home/corda/.capsule/apps/net.corda.node.CordaEnterprise_4.0/log4j-api-2.9.1.jar:/home/corda/.capsule/apps/net.corda.node.CordaEnterprise_4.0/kotlin-stdlib-jdk7-1.2.71.jar:/home/corda/.capsule/apps/net.corda.node.CordaEnterprise_4.0/kotlin-stdlib-jre7-1.2.71.jar:/home/corda/.capsule/apps/net.corda.node.CordaEnterprise_4.0/kotlin-stdlib-1.2.71.jar:/home/corda/.capsule/apps/net.corda.node.CordaEnterprise_4.0/reflectasm-1.11.3.jar:/home/corda/.capsule/apps/net.corda.node.CordaEnterprise_4.0/minlog-1.3.0.jar:/home/corda/.capsule/apps/net.corda.node.CordaEnterprise_4.0/objenesis-2.2.jar:/home/corda/.capsule/apps/net.corda.node.CordaEnterprise_4.0/jsr305-3.0.2.jar:/home/corda/.capsule/apps/net.corda.node.CordaEnterprise_4.0/checker-qual-2.5.2.jar:/home/corda/.capsule/apps/net.corda.node.CordaEnterprise_4.0/error_prone_annotations-2.3.1.jar:/home/corda/.capsule/apps/net.corda.node.CordaEnterprise_4.0/j2objc-annotations-1.1.jar:/home/corda/.capsule/apps/net.corda.node.CordaEnterprise_4.0/animal-sniffer-annotations-1.14.jar:/home/corda/.capsule/apps/net.corda.node.CordaEnterprise_4.0/commons-collections-3.2.2.jar:/home/corda/.capsule/apps/net.corda.node.CordaEnterprise_4.0/artemis-native-2.6.2.jar:/home/corda/.capsule/apps/net.corda.node.CordaEnterprise_4.0/hibernate-commons-annotations-5.0.4.Final.jar:/home/corda/.capsule/apps/net.corda.node.CordaEnterprise_4.0/jboss-logging-3.3.2.Final.jar:/home/corda/.capsule/apps/net.corda.node.CordaEnterprise_4.0/artemis-selector-2.6.2.jar:/home/corda/.capsule/apps/net.corda.node.CordaEnterprise_4.0/netty-handler-4.1.29.Final.jar:/home/corda/.capsule/apps/net.corda.node.CordaEnterprise_4.0/netty-transport-native-epoll-4.1.29.Final-linux-x86_64.jar:/home/corda/.capsule/apps/net.corda.node.CordaEnterprise_4.0/netty-transport-native-kqueue-4.1.29.Final-osx-x86_64.jar:/home/corda/.capsule/apps/net.corda.node.CordaEnterprise_4.0/netty-codec-http-4.1.29.Final.jar:/home/corda/.capsule/apps/net.corda.node.CordaEnterprise_4.0/netty-codec-socks-4.1.29.Final.jar:/home/corda/.capsule/apps/net.corda.node.CordaEnterprise_4.0/netty-codec-4.1.29.Final.jar:/home/corda/.capsule/apps/net.corda.node.CordaEnterprise_4.0/netty-transport-native-unix-common-4.1.29.Final.jar:/home/corda/.capsule/apps/net.corda.node.CordaEnterprise_4.0/netty-transport-4.1.29.Final.jar:/home/corda/.capsule/apps/net.corda.node.CordaEnterprise_4.0/netty-buffer-4.1.29.Final.jar:/home/corda/.capsule/apps/net.corda.node.CordaEnterprise_4.0/netty-resolver-4.1.29.Final.jar:/home/corda/.capsule/apps/net.corda.node.CordaEnterprise_4.0/netty-common-4.1.29.Final.jar:/home/corda/.capsule/apps/net.corda.node.CordaEnterprise_4.0/geronimo-json_1.0_spec-1.0-alpha-1.jar:/home/corda/.capsule/apps/net.corda.node.CordaEnterprise_4.0/jgroups-3.6.13.Final.jar:/home/corda/.capsule/apps/net.corda.node.CordaEnterprise_4.0/johnzon-core-0.9.5.jar:/home/corda/.capsule/apps/net.corda.node.CordaEnterprise_4.0/forms-1.1-preview.jar:/home/corda/.capsule/apps/net.corda.node.CordaEnterprise_4.0/jdom-1.0.jar:/home/corda/.capsule/apps/net.corda.node.CordaEnterprise_4.0/javax.persistence-api-2.2.jar:/home/corda/.capsule/apps/net.corda.node.CordaEnterprise_4.0/javassist-3.23.1-GA.jar:/home/corda/.capsule/apps/net.corda.node.CordaEnterprise_4.0/byte-buddy-1.8.17.jar:/home/corda/.capsule/apps/net.corda.node.CordaEnterprise_4.0/antlr-2.7.7.jar:/home/corda/.capsule/apps/net.corda.node.CordaEnterprise_4.0/jboss-transaction-api_1.2_spec-1.1.1.Final.jar:/home/corda/.capsule/apps/net.corda.node.CordaEnterprise_4.0/jandex-2.0.5.Final.jar:/home/corda/.capsule/apps/net.corda.node.CordaEnterprise_4.0/classmate-1.3.4.jar:/home/corda/.capsule/apps/net.corda.node.CordaEnterprise_4.0/javax.activation-api-1.2.0.jar:/home/corda/.capsule/apps/net.corda.node.CordaEnterprise_4.0/dom4j-1.6.1.jar:/home/corda/.capsule/apps/net.corda.node.CordaEnterprise_4.0/okio-1.14.0.jar:/home/corda/.capsule/apps/net.corda.node.CordaEnterprise_4.0/jolokia-core-1.6.0.jar:/home/corda/.capsule/apps/net.corda.node.CordaEnterprise_4.0/json-simple-1.1.1.jar:/home/corda/.capsule/apps/net.corda.node.CordaEnterprise_4.0/newrelic-api-3.10.0.jar:/home/corda/.capsule/apps/net.corda.node.CordaEnterprise_4.0/jackson-annotations-2.9.6.jar:/home/corda/.capsule/apps/net.corda.node.CordaEnterprise_4.0/jackson-dataformat-yaml-2.9.5.jar:/home/corda/.capsule/apps/net.corda.node.CordaEnterprise_4.0/jackson-core-2.9.6.jar:/home/corda/.capsule/apps/net.corda.node.CordaEnterprise_4.0/commons-lang3-3.5.jar:/home/corda/.capsule/apps/net.corda.node.CordaEnterprise_4.0/joda-time-2.7.jar:/home/corda/.capsule/apps/net.corda.node.CordaEnterprise_4.0/rxjava-1.3.8.jar:/home/corda/.capsule/apps/net.corda.node.CordaEnterprise_4.0/oauth2-oidc-sdk-5.64.4.jar:/home/corda/.capsule/apps/net.corda.node.CordaEnterprise_4.0/gson-2.8.0.jar:/home/corda/.capsule/apps/net.corda.node.CordaEnterprise_4.0/LatencyUtils-2.0.3.jar:/home/corda/.capsule/apps/net.corda.node.CordaEnterprise_4.0/HdrHistogram-2.1.9.jar:/home/corda/.capsule/apps/net.corda.node.CordaEnterprise_4.0/asm-analysis-5.2.jar:/home/corda/.capsule/apps/net.corda.node.CordaEnterprise_4.0/asm-commons-5.2.jar:/home/corda/.capsule/apps/net.corda.node.CordaEnterprise_4.0/asm-util-5.2.jar:/home/corda/.capsule/apps/net.corda.node.CordaEnterprise_4.0/asm-tree-5.2.jar:/home/corda/.capsule/apps/net.corda.node.CordaEnterprise_4.0/nimbus-jose-jwt-7.1.jar:/home/corda/.capsule/apps/net.corda.node.CordaEnterprise_4.0/json-smart-2.3.jar:/home/corda/.capsule/apps/net.corda.node.CordaEnterprise_4.0/accessors-smart-1.2.jar:/home/corda/.capsule/apps/net.corda.node.CordaEnterprise_4.0/asm-5.2.jar:/home/corda/.capsule/apps/net.corda.node.CordaEnterprise_4.0/commons-jexl3-3.0.jar:/home/corda/.capsule/apps/net.corda.node.CordaEnterprise_4.0/commons-lang-2.6.jar:/home/corda/.capsule/apps/net.corda.node.CordaEnterprise_4.0/eddsa-0.3.0.jar:/home/corda/.capsule/apps/net.corda.node.CordaEnterprise_4.0/bcpkix-jdk15on-1.60.jar:/home/corda/.capsule/apps/net.corda.node.CordaEnterprise_4.0/bcprov-jdk15on-1.60.jar:/home/corda/.capsule/apps/net.corda.node.CordaEnterprise_4.0/snappy-0.4.jar:/home/corda/.capsule/apps/net.corda.node.CordaEnterprise_4.0/snakeyaml-1.18.jar:/home/corda/.capsule/apps/net.corda.node.CordaEnterprise_4.0/crash.cli-cadb53544fbb3c0fb901445da614998a6a419488.jar:/home/corda/.capsule/apps/net.corda.node.CordaEnterprise_4.0/groovy-all-1.8.9.jar:/home/corda/.capsule/apps/net.corda.node.CordaEnterprise_4.0/kotlin-stdlib-common-1.2.71.jar:/home/corda/.capsule/apps/net.corda.node.CordaEnterprise_4.0/annotations-13.0.jar:/home/corda/.capsule/apps/net.corda.node.CordaEnterprise_4.0/azure-annotations-1.2.0.jar:/home/corda/.capsule/apps/net.corda.node.CordaEnterprise_4.0/javax.mail-1.6.1.jar:/home/corda/.capsule/apps/net.corda.node.CordaEnterprise_4.0/jcip-annotations-1.0-1.jar:/home/corda/.capsule/apps/net.corda.node.CordaEnterprise_4.0/lang-tag-1.4.4.jar:/home/corda/.capsule/apps/net.corda.node.CordaEnterprise_4.0/geronimo-jms_2.0_spec-1.0-alpha-2.jar:/home/corda/.capsule/apps/net.corda.node.CordaEnterprise_4.0/jpam-1.1.jar:/home/corda/.capsule/apps/net.corda.node.CordaEnterprise_4.0/activation-1.1.jar:/home/corda/.capsule/apps/net.corda.node.CordaEnterprise_4.0/corda-node-4.0.jar:/home/corda/.capsule/apps/net.corda.node.CordaEnterprise_4.0/quasar-core-0.7.11_r3-jdk8.jar {}
[INFO ] 2019-05-21T10:00:27,713Z [main] internal.Node.logStartupInfo - VM OpenJDK 64-Bit Server VM IcedTea 25.212-b04 {}
[INFO ] 2019-05-21T10:00:27,713Z [main] internal.Node.logStartupInfo - Machine: corda-partya-deployment-67ccfc8c7c-2kcj9 {}
[INFO ] 2019-05-21T10:00:27,713Z [main] internal.Node.logStartupInfo - Working Directory: /opt/corda/party/workspace {}
[INFO ] 2019-05-21T10:00:27,714Z [main] internal.Node.logStartupInfo - Starting as node on corda-partya-service:40000 {}
[INFO ] 2019-05-21T10:00:27,817Z [main] cordapp.JarScanningCordappLoader.fromDirectories - Looking for CorDapps in [/opt/corda/party/workspace/cordapps] {}
[INFO ] 2019-05-21T10:00:27,840Z [main] cordapp.JarScanningCordappLoader.<init> - No CorDapp paths provided {}
[INFO ] 2019-05-21T10:00:28,508Z [main] internal.Node.makeStateMachineExecutorService - Multi-threaded state machine manager with 2 threads. {}
[INFO ] 2019-05-21T10:00:28,628Z [main] internal.Node.startNode - The Corda node is running in production mode. If this is a developer environment you can set 'devMode=true' in the node.conf file. {}
[INFO ] 2019-05-21T10:00:28,768Z [main] internal.Node.start - Node starting up ... {}
[INFO ] 2019-05-21T10:00:28,966Z [main] internal.Node.startShell - Binding Shell SSHD server on port 2223. {}
[INFO ] 2019-05-21T10:00:29,055Z [main] plugin.PluginManager.getPlugins - Loaded plugin Plugin[type=SSHPlugin,interface=SSHPlugin] {}
[INFO ] 2019-05-21T10:00:29,056Z [main] plugin.PluginManager.getPlugins - Loaded plugin Plugin[type=SSHInlinePlugin,interface=CommandPlugin] {}
[INFO ] 2019-05-21T10:00:29,066Z [main] plugin.PluginManager.getPlugins - Loaded plugin Plugin[type=KeyAuthenticationPlugin,interface=KeyAuthenticationPlugin] {}
[INFO ] 2019-05-21T10:00:29,068Z [main] plugin.PluginManager.getPlugins - Loaded plugin Plugin[type=CRaSHShellFactory,interface=ShellFactory] {}
[INFO ] 2019-05-21T10:00:29,069Z [main] plugin.PluginManager.getPlugins - Loaded plugin Plugin[type=GroovyLanguageProxy,interface=Language] {}
[INFO ] 2019-05-21T10:00:29,071Z [main] plugin.PluginManager.getPlugins - Loaded plugin Plugin[type=JavaLanguage,interface=Language] {}
[INFO ] 2019-05-21T10:00:29,072Z [main] plugin.PluginManager.getPlugins - Loaded plugin Plugin[type=ScriptLanguage,interface=Language] {}
[INFO ] 2019-05-21T10:00:29,074Z [main] plugin.PluginManager.getPlugins - Loaded plugin Plugin[type=JaasAuthenticationPlugin,interface=AuthenticationPlugin] {}
[INFO ] 2019-05-21T10:00:29,075Z [main] plugin.PluginManager.getPlugins - Loaded plugin Plugin[type=SimpleAuthenticationPlugin,interface=AuthenticationPlugin] {}
[INFO ] 2019-05-21T10:00:29,080Z [main] shell.InteractiveShell$ShellLifecycle.configureProperty - Configuring property ssh.port=2223 from properties {}
[INFO ] 2019-05-21T10:00:29,081Z [main] shell.InteractiveShell$ShellLifecycle.configureProperty - Configuring property ssh.keypath=/opt/corda/party/workspace/ssh/hostkey.pem from properties {}
[INFO ] 2019-05-21T10:00:29,082Z [main] shell.InteractiveShell$ShellLifecycle.configureProperty - Configuring property ssh.keygen=true from properties {}
[INFO ] 2019-05-21T10:00:29,082Z [main] shell.InteractiveShell$ShellLifecycle.configureProperty - Configuring property auth=corda from properties {}
[INFO ] 2019-05-21T10:00:29,118Z [main] eddsa.EdDSASecurityProviderRegistrar.getOrCreateProvider - getOrCreateProvider(EdDSA) created instance of net.i2p.crypto.eddsa.EdDSASecurityProvider {}
[INFO ] 2019-05-21T10:00:29,148Z [main] plugin.PluginManager.getPlugins - Initialized plugin Plugin[type=KeyAuthenticationPlugin,interface=KeyAuthenticationPlugin] {}
[INFO ] 2019-05-21T10:00:29,148Z [main] plugin.PluginManager.getPlugins - Initialized plugin Plugin[type=JaasAuthenticationPlugin,interface=AuthenticationPlugin] {}
[INFO ] 2019-05-21T10:00:29,148Z [main] plugin.PluginManager.getPlugins - Initialized plugin Plugin[type=SimpleAuthenticationPlugin,interface=AuthenticationPlugin] {}
[INFO ] 2019-05-21T10:00:29,149Z [main] plugin.PluginManager.getPlugins - Initialized plugin Plugin[type=CordaAuthenticationPlugin,interface=AuthenticationPlugin] {}
[INFO ] 2019-05-21T10:00:29,150Z [main] ssh.SSHPlugin.init - Booting SSHD {}
[INFO ] 2019-05-21T10:00:29,168Z [main] plugin.PluginManager.getPlugins - Initialized plugin Plugin[type=GroovyLanguageProxy,interface=Language] {}
[INFO ] 2019-05-21T10:00:29,168Z [main] plugin.PluginManager.getPlugins - Initialized plugin Plugin[type=ScriptLanguage,interface=Language] {}
[INFO ] 2019-05-21T10:00:29,174Z [main] plugin.PluginManager.getPlugins - Initialized plugin Plugin[type=CRaSHShellFactory,interface=ShellFactory] {}
[INFO ] 2019-05-21T10:00:29,314Z [main] term.SSHLifeCycle.init - About to start CRaSSHD {}
[INFO ] 2019-05-21T10:00:29,343Z [main] term.SSHLifeCycle.init - CRaSSHD started on port 2223 {}
[INFO ] 2019-05-21T10:00:29,343Z [main] plugin.PluginManager.getPlugins - Initialized plugin Plugin[type=SSHPlugin,interface=SSHPlugin] {}
[INFO ] 2019-05-21T10:00:29,343Z [main] plugin.PluginManager.getPlugins - Initialized plugin Plugin[type=SSHInlinePlugin,interface=CommandPlugin] {}
[INFO ] 2019-05-21T10:00:32,335Z [main] internal.NetworkParametersReader.downloadParameters - No network-parameters file found. Expecting network parameters to be available from the network map. {}
[INFO ] 2019-05-21T10:00:32,516Z [main] internal.NetworkParametersReader.downloadParameters - Saved network parameters into: /opt/corda/party/workspace/network-parameters {}
[INFO ] 2019-05-21T10:00:32,613Z [main] internal.Node.start - Loaded network parameters: NetworkParameters {
      minimumPlatformVersion=3
      notaries=[NotaryInfo(identity=O=Notary, L=London, C=GB, validating=false)]
      maxMessageSize=10485760
      maxTransactionSize=10485760
      whitelistedContractImplementations {
        
      }
      eventHorizon=PT720H
      packageOwnership {
        
      }
      modifiedTime=2019-05-21T09:55:15.577Z
      epoch=1
  } {}
[INFO ] 2019-05-21T10:00:32,638Z [main] hikari.HikariDataSource.<init> - HikariPool-1 - Started. {}
[INFO ] 2019-05-21T10:00:34,399Z [main] persistence.SchemaMigration.doRunMigration - defaultSchemaName=PUBLIC {}
[INFO ] 2019-05-21T10:00:34,399Z [main] persistence.SchemaMigration.doRunMigration - liquibaseSchemaName=PUBLIC {}
[INFO ] 2019-05-21T10:00:34,399Z [main] persistence.SchemaMigration.doRunMigration - outputDefaultSchema=true {}
[INFO ] 2019-05-21T10:00:36,704Z [main] liquibase.info - Reading from PUBLIC.DATABASECHANGELOG {}
[INFO ] 2019-05-21T10:00:36,948Z [main] liquibase.info - Successfully acquired change log lock {}
[INFO ] 2019-05-21T10:00:36,959Z [main] liquibase.info - Successfully released change log lock {}
[INFO ] 2019-05-21T10:00:36,996Z [main] internal.Node.invoke - Connected to H2 database. {}
[INFO ] 2019-05-21T10:00:37,156Z [main] persistence.HibernateConfiguration.<init> - Init HibernateConfiguration for schemas: [CommonSchemaV1(name=net.corda.core.schemas.CommonSchema, version=1), VaultSchemaV1(name=net.corda.node.services.vault.VaultSchema, version=1), NodeInfoSchemaV1(name=net.corda.node.internal.schemas.NodeInfoSchema, version=1), NodeCoreV1(name=net.corda.node.services.schema.NodeSchemaService$NodeCore, version=1)] {}
[INFO ] 2019-05-21T10:00:37,171Z [main] persistence.HibernateConfiguration.makeSessionFactoryForSchemas - Creating session factory for schemas: [CommonSchemaV1(name=net.corda.core.schemas.CommonSchema, version=1), VaultSchemaV1(name=net.corda.node.services.vault.VaultSchema, version=1), NodeInfoSchemaV1(name=net.corda.node.internal.schemas.NodeInfoSchema, version=1), NodeCoreV1(name=net.corda.node.services.schema.NodeSchemaService$NodeCore, version=1)] {}
[INFO ] 2019-05-21T10:00:40,012Z [main] persistence.HibernateConfiguration.makeSessionFactoryForSchemas - Created session factory for schemas: [CommonSchemaV1(name=net.corda.core.schemas.CommonSchema, version=1), VaultSchemaV1(name=net.corda.node.services.vault.VaultSchema, version=1), NodeInfoSchemaV1(name=net.corda.node.internal.schemas.NodeInfoSchema, version=1), NodeCoreV1(name=net.corda.node.services.schema.NodeSchemaService$NodeCore, version=1)] {}
[INFO ] 2019-05-21T10:00:40,857Z [main] network.NetworkMapUpdater.apply - Auto-accept enabled for network parameter changes which modify only: [epoch, modifiedTime, packageOwnership, whitelistedContractImplementations] {}
[INFO ] 2019-05-21T10:00:40,882Z [main] security.RPCSecurityManagerImpl.buildImpl - Constructing realm from list of users in config [User(testuser, permissions=[ALL])] {}
[INFO ] 2019-05-21T10:00:41,046Z [RxIoScheduler-2] network.PersistentNetworkMapCache.addNode - Adding node with info: NodeInfo(addresses=[corda-partya-service:40000], legalIdentitiesAndCerts=[O=PartyA, L=London, C=GB], platformVersion=4, serial=1558432398147) {}
[INFO ] 2019-05-21T10:00:41,160Z [RxIoScheduler-2] network.PersistentNetworkMapCache.addNode - Previous node was identical to incoming one - doing nothing {}
[INFO ] 2019-05-21T10:00:41,392Z [main] BasicInfo.printBasicNodeInfo - Advertised P2P messaging addresses      : corda-partya-service:40000 {}
[INFO ] 2019-05-21T10:00:41,397Z [main] BasicInfo.printBasicNodeInfo - RPC connection address                  : localhost:30004 {}
[INFO ] 2019-05-21T10:00:41,397Z [main] BasicInfo.printBasicNodeInfo - RPC admin connection address            : localhost:30005 {}
[INFO ] 2019-05-21T10:00:44,906Z [main] messaging.ArtemisMessagingServer.configureAndStartServer - P2P messaging server listening on 0.0.0.0:40000 {}
[INFO ] 2019-05-21T10:00:48,174Z [main] internal.ArtemisMessagingClient.start - Connecting to message broker: localhost:40000 {}
[INFO ] 2019-05-21T10:00:48,732Z [main] internal.ArtemisMessagingClient.start - Connecting to message broker: localhost:40000 {}
[INFO ] 2019-05-21T10:00:48,884Z [main] internal.ArtemisMessagingClient.start - Connecting to message broker: localhost:40000 {}
[INFO ] 2019-05-21T10:00:49,127Z [main] bridging.BridgeControlListener.start - Found inboxes: [] {}
[INFO ] 2019-05-21T10:00:49,350Z [main] messaging.P2PMessagingClient.start - Connecting to message broker: localhost:40000 {}
[INFO ] 2019-05-21T10:00:49,486Z [main] messaging.P2PMessagingClient.createQueueIfAbsent - Create fresh queue p2p.inbound.DL4qMaWpu2QWRALHyDASCrufFAL5zRcPFsmdo1kVWFCryY bound on same address {}
[INFO ] 2019-05-21T10:00:49,640Z [Thread-5 (ActiveMQ-client-global-threads)] bridging.BridgeControlListener.processControlMessage - Received bridge control message NodeToBridgeSnapshot(nodeIdentity=O=PartyA, L=London, C=GB, inboxQueues=[p2p.inbound.DL4qMaWpu2QWRALHyDASCrufFAL5zRcPFsmdo1kVWFCryY], sendQueues=[]) {}
[INFO ] 2019-05-21T10:00:49,662Z [Thread-5 (ActiveMQ-client-global-threads)] bridging.BridgeControlListener.processControlMessage - Added inbox: [p2p.inbound.DL4qMaWpu2QWRALHyDASCrufFAL5zRcPFsmdo1kVWFCryY]. Current inboxes: [p2p.inbound.DL4qMaWpu2QWRALHyDASCrufFAL5zRcPFsmdo1kVWFCryY]. {}
[INFO ] 2019-05-21T10:00:50,217Z [main] statemachine.MultiThreadedStateMachineManager.invoke - Node ready, info: NodeInfo(addresses=[corda-partya-service:40000], legalIdentitiesAndCerts=[O=PartyA, L=London, C=GB], platformVersion=4, serial=1558432398147) {}
[INFO ] 2019-05-21T10:00:50,221Z [main] statemachine.MultiThreadedStateMachineManager.start - Setting status to STARTED for node info: NodeInfo(addresses=[corda-partya-service:40000], legalIdentitiesAndCerts=[O=PartyA, L=London, C=GB], platformVersion=4, serial=1558432398147) {}
[INFO ] 2019-05-21T10:00:50,253Z [Node thread-1] internal.Node.registerJmxReporter - Registering JMX reporter: {}
[INFO ] 2019-05-21T10:00:50,254Z [main] BasicInfo.printBasicNodeInfo - Loaded 0 CorDapp(s)                     :  {}
[INFO ] 2019-05-21T10:00:50,256Z [Node thread-1] internal.Node.registerJolokiaReporter - Registering Jolokia JMX reporter: {}
[INFO ] 2019-05-21T10:00:50,258Z [main] BasicInfo.printBasicNodeInfo - Node for "PartyA" started up and registered in 24.97 sec {}
[INFO ] 2019-05-21T10:00:50,258Z [main] BasicInfo.printBasicNodeInfo - SSH server listening on port            : 2223 {}
[INFO ] 2019-05-21T10:00:50,259Z [main] rpc.RPCServer.start - Starting RPC server with configuration RPCServerConfiguration(rpcThreadPoolSize=1, reapInterval=PT1S, deduplicationCacheExpiry=PT24H) {}
[INFO ] 2019-05-21T10:01:11,241Z [Network Map Updater Thread-1] network.PersistentNetworkMapCache.addNode - Adding node with info: NodeInfo(addresses=[corda-partyb-service:40001], legalIdentitiesAndCerts=[O=PartyB, L=London, C=GB], platformVersion=4, serial=1558432398895) {}
[INFO ] 2019-05-21T10:01:11,255Z [Network Map Updater Thread-1] network.PersistentNetworkMapCache.addNode - No previous node found {}
[INFO ] 2019-05-21T10:01:11,341Z [Network Map Updater Thread-1] messaging.P2PMessagingClient.updateBridgesOnNetworkChange - Updating bridges on network map change: NodeInfo(addresses=[corda-partyb-service:40001], legalIdentitiesAndCerts=[O=PartyB, L=London, C=GB], platformVersion=4, serial=1558432398895) {}
[INFO ] 2019-05-21T10:01:11,349Z [Network Map Updater Thread-1] network.PersistentNetworkMapCache.addNode - Adding node with info: NodeInfo(addresses=[enm-notary-service:30000], legalIdentitiesAndCerts=[O=Notary, L=London, C=GB], platformVersion=4, serial=1558432394374) {}
[INFO ] 2019-05-21T10:01:11,351Z [Network Map Updater Thread-1] network.PersistentNetworkMapCache.addNode - No previous node found {}
[INFO ] 2019-05-21T10:01:11,375Z [Network Map Updater Thread-1] messaging.P2PMessagingClient.updateBridgesOnNetworkChange - Updating bridges on network map change: NodeInfo(addresses=[enm-notary-service:30000], legalIdentitiesAndCerts=[O=Notary, L=London, C=GB], platformVersion=4, serial=1558432394374) {}
